#
# A fatal error has been detected by the Java Runtime Environment:
#
#  EXCEPTION_ACCESS_VIOLATION (0xc0000005) at pc=0x00007ffb7fd69a7a, pid=8008, tid=6408
#
# JRE version: Java(TM) SE Runtime Environment (8.0_31-b13) (build 1.8.0_31-b13)
# Java VM: Java HotSpot(TM) 64-Bit Server VM (25.31-b07 mixed mode windows-amd64 compressed oops)
# Problematic frame:
# C  [ntdll.dll+0x39a7a]
#
# Failed to write core dump. Minidumps are not enabled by default on client versions of Windows
#
# If you would like to submit a bug report, please visit:
#   http://bugreport.java.com/bugreport/crash.jsp
# The crash happened outside the Java Virtual Machine in native code.
# See problematic frame for where to report the bug.
#

---------------  T H R E A D  ---------------

Current thread (0x000000002c7eb800):  JavaThread "AWT-EventQueue-0" [_thread_in_native, id=6408, stack(0x000000002ae60000,0x000000002af60000)]

siginfo: ExceptionCode=0xc0000005, writing address 0x0000000000000024

Registers:
RAX=0x0000000000000000, RBX=0x00000000326f1fe8, RCX=0x00000000fffffffc, RDX=0x0000000000000638
RSP=0x000000002af5bdf0, RBP=0x00007ff7318f6000, RSI=0x0000000000000638, RDI=0x0000000000000000
R8 =0xffffffffffffffff, R9 =0x00007ff7318f6000, R10=0x0000000000000000, R11=0x0000000000000246
R12=0x0000000000000000, R13=0x0000000000000000, R14=0x0000000000000000, R15=0x0000000000000000
RIP=0x00007ffb7fd69a7a, EFLAGS=0x0000000000010213

Top of Stack: (sp=0x000000002af5bdf0)
0x000000002af5bdf0:   0000000000000638 000000006cf82c0d
0x000000002af5be00:   000000002d95f610 000000006d10e855
0x000000002af5be10:   000000002c7eb800 00000007c0006670
0x000000002af5be20:   000000002c7eb800 000000006cfbe64b
0x000000002af5be30:   0000000000000000 000000006cff88e1
0x000000002af5be40:   00000007c00192c8 000000002af5c570
0x000000002af5be50:   000000002af5c570 000000002af5c570
0x000000002af5be60:   000000002c7eb800 000000000000000a
0x000000002af5be70:   0000a75c1b63ff89 00000007c0006670
0x000000002af5be80:   0000000000000004 0000000000000001
0x000000002af5be90:   000000002af5c6e0 000000007ffe0372
0x000000002af5bea0:   0000000000000000 0000000000000000
0x000000002af5beb0:   00007ff7318f6000 00007ffb7fd68374
0x000000002af5bec0:   0000000002dde710 00007ffb709811bb
0x000000002af5bed0:   00000000326f1fe8 000000002af5c890
0x000000002af5bee0:   0000000000000000 00000000326f1fe0 

Instructions: (pc=0x00007ffb7fd69a7a)
0x00007ffb7fd69a5a:   a8 01 0f 85 e0 00 00 00 8b c8 41 2b ce f0 0f b1
0x00007ffb7fd69a6a:   4b 08 75 e9 48 8b 03 45 33 f6 48 83 f8 ff 74 03
0x00007ffb7fd69a7a:   ff 40 24 41 bf 82 03 fe 7f 41 8a 0f 84 c9 0f 85
0x00007ffb7fd69a8a:   8c 35 07 00 48 83 fe ff 0f 84 e1 35 07 00 4c 8b 


Register to memory mapping:

RAX=0x0000000000000000 is an unknown value
RBX=0x00000000326f1fe8 is an unknown value
RCX=0x00000000fffffffc is an unknown value
RDX=0x0000000000000638 is an unknown value
RSP=0x000000002af5bdf0 is pointing into the stack for thread: 0x000000002c7eb800
RBP=0x00007ff7318f6000 is an unknown value
RSI=0x0000000000000638 is an unknown value
RDI=0x0000000000000000 is an unknown value
R8 =0xffffffffffffffff is an unknown value
R9 =0x00007ff7318f6000 is an unknown value
R10=0x0000000000000000 is an unknown value
R11=0x0000000000000246 is an unknown value
R12=0x0000000000000000 is an unknown value
R13=0x0000000000000000 is an unknown value
R14=0x0000000000000000 is an unknown value
R15=0x0000000000000000 is an unknown value


Stack: [0x000000002ae60000,0x000000002af60000],  sp=0x000000002af5bdf0,  free space=1007k
Native frames: (J=compiled Java code, j=interpreted, Vv=VM code, C=native code)
C  [ntdll.dll+0x39a7a]
C  [ntdll.dll+0x38374]
C  [libvlc.dll+0xde3d]
C  [jna7309100401713384658.dll+0x176f3]
C  [jna7309100401713384658.dll+0xffe7]
C  [jna7309100401713384658.dll+0x3d1a]
C  [jna7309100401713384658.dll+0x4ef7]
C  0x000000000321ed23

Java frames: (J=compiled Java code, j=interpreted, Vv=VM code)
J 2068  com.sun.jna.Native.invokeVoid(JI[Ljava/lang/Object;)V (0 bytes) @ 0x000000000321ec9d [0x000000000321ec40+0x5d]
j  com.sun.jna.Function.invoke([Ljava/lang/Object;Ljava/lang/Class;Z)Ljava/lang/Object;+48
j  com.sun.jna.Function.invoke(Ljava/lang/Class;[Ljava/lang/Object;Ljava/util/Map;)Ljava/lang/Object;+214
j  com.sun.jna.Library$Handler.invoke(Ljava/lang/Object;Ljava/lang/reflect/Method;[Ljava/lang/Object;)Ljava/lang/Object;+341
j  com.sun.proxy.$Proxy0.libvlc_media_player_stop(Luk/co/caprica/vlcj/binding/internal/libvlc_media_player_t;)V+16
j  uk.co.caprica.vlcj.player.DefaultMediaPlayer.stop()V+19
j  raspimediacenter.Logic.Players.EmbeddedVideoPlayer.stop()V+4
j  raspimediacenter.GUI.Scenes.VideoPlayerScene.unloadScene()V+4
j  raspimediacenter.GUI.SceneManager.unloadCurrentScene()V+9
j  raspimediacenter.GUI.SceneManager.loadScene(Lraspimediacenter/GUI/Scenes/Scene;)V+0
j  raspimediacenter.GUI.SceneManager.loadPreviousScene()V+3
j  raspimediacenter.GUI.Components.Video.VideoPlayer.Buttons.StopButton.performAction()V+9
j  raspimediacenter.GUI.Components.Video.VideoPlayer.VideoPlayerMenu.clickedButton()V+4
j  raspimediacenter.GUI.GUI.lambda$addGlobalKeyListener$0(Ljava/awt/AWTEvent;)V+126
j  raspimediacenter.GUI.GUI$$Lambda$15.eventDispatched(Ljava/awt/AWTEvent;)V+5
J 824 C1 java.awt.Toolkit$SelectiveAWTEventListener.eventDispatched(Ljava/awt/AWTEvent;)V (745 bytes) @ 0x0000000002e19794 [0x0000000002e18480+0x1314]
J 839 C1 java.awt.Toolkit$ToolkitEventMulticaster.eventDispatched(Ljava/awt/AWTEvent;)V (27 bytes) @ 0x0000000002e13cbc [0x0000000002e13aa0+0x21c]
J 839 C1 java.awt.Toolkit$ToolkitEventMulticaster.eventDispatched(Ljava/awt/AWTEvent;)V (27 bytes) @ 0x0000000002e13cbc [0x0000000002e13aa0+0x21c]
J 839 C1 java.awt.Toolkit$ToolkitEventMulticaster.eventDispatched(Ljava/awt/AWTEvent;)V (27 bytes) @ 0x0000000002e13cbc [0x0000000002e13aa0+0x21c]
J 1240 C1 java.awt.Toolkit.notifyAWTEventListeners(Ljava/awt/AWTEvent;)V (36 bytes) @ 0x0000000002f200ec [0x0000000002f1fe80+0x26c]
J 957 C1 java.awt.Component.dispatchEventImpl(Ljava/awt/AWTEvent;)V (883 bytes) @ 0x0000000002e6bd54 [0x0000000002e693c0+0x2994]
J 2215 C1 java.awt.Component.dispatchEvent(Ljava/awt/AWTEvent;)V (6 bytes) @ 0x00000000032aae84 [0x00000000032aad80+0x104]
j  java.awt.KeyboardFocusManager.redispatchEvent(Ljava/awt/Component;Ljava/awt/AWTEvent;)V+7
j  java.awt.DefaultKeyboardFocusManager.dispatchKeyEvent(Ljava/awt/event/KeyEvent;)Z+63
j  java.awt.DefaultKeyboardFocusManager.preDispatchKeyEvent(Ljava/awt/event/KeyEvent;)Z+137
j  java.awt.DefaultKeyboardFocusManager.typeAheadAssertions(Ljava/awt/Component;Ljava/awt/AWTEvent;)Z+166
J 1247 C1 java.awt.DefaultKeyboardFocusManager.dispatchEvent(Ljava/awt/AWTEvent;)Z (1589 bytes) @ 0x0000000002f40f8c [0x0000000002f30300+0x10c8c]
J 957 C1 java.awt.Component.dispatchEventImpl(Ljava/awt/AWTEvent;)V (883 bytes) @ 0x0000000002e6abac [0x0000000002e693c0+0x17ec]
J 893 C1 java.awt.EventQueue.dispatchEventImpl(Ljava/awt/AWTEvent;Ljava/lang/Object;)V (149 bytes) @ 0x0000000002e40ca4 [0x0000000002e3f600+0x16a4]
J 891 C1 java.awt.EventQueue$3.run()Ljava/lang/Void; (60 bytes) @ 0x0000000002e3ea1c [0x0000000002e3e800+0x21c]
J 890 C1 java.awt.EventQueue$3.run()Ljava/lang/Object; (5 bytes) @ 0x0000000002e3a24c [0x0000000002e3a1c0+0x8c]
v  ~StubRoutines::call_stub
J 828  java.security.AccessController.doPrivileged(Ljava/security/PrivilegedAction;Ljava/security/AccessControlContext;)Ljava/lang/Object; (0 bytes) @ 0x0000000002e17866 [0x0000000002e17800+0x66]
J 830 C1 java.security.ProtectionDomain$1.doIntersectionPrivilege(Ljava/security/PrivilegedAction;Ljava/security/AccessControlContext;Ljava/security/AccessControlContext;)Ljava/lang/Object; (32 bytes) @ 0x0000000002e16fe4 [0x0000000002e16ce0+0x304]
J 959 C1 java.awt.EventQueue$4.run()Ljava/lang/Object; (5 bytes) @ 0x0000000002e75a14 [0x0000000002e75620+0x3f4]
v  ~StubRoutines::call_stub
J 828  java.security.AccessController.doPrivileged(Ljava/security/PrivilegedAction;Ljava/security/AccessControlContext;)Ljava/lang/Object; (0 bytes) @ 0x0000000002e17866 [0x0000000002e17800+0x66]
J 865 C1 java.awt.EventQueue.dispatchEvent(Ljava/awt/AWTEvent;)V (80 bytes) @ 0x0000000002e1dd34 [0x0000000002e1d040+0xcf4]
J 895 C1 java.awt.EventDispatchThread.pumpOneEventForFilters(I)V (295 bytes) @ 0x0000000002e3c38c [0x0000000002e3a800+0x1b8c]
j  java.awt.EventDispatchThread.pumpEventsForFilter(ILjava/awt/Conditional;Ljava/awt/EventFilter;)V+35
j  java.awt.EventDispatchThread.pumpEventsForHierarchy(ILjava/awt/Conditional;Ljava/awt/Component;)V+11
j  java.awt.EventDispatchThread.pumpEvents(ILjava/awt/Conditional;)V+4
j  java.awt.EventDispatchThread.pumpEvents(Ljava/awt/Conditional;)V+3
j  java.awt.EventDispatchThread.run()V+9
v  ~StubRoutines::call_stub

---------------  P R O C E S S  ---------------

Java Threads: ( => current thread )
  0x000000002e3b6800 JavaThread "D3D Screen Updater" daemon [_thread_blocked, id=9172, stack(0x0000000031cf0000,0x0000000031df0000)]
  0x000000002911e800 JavaThread "Thread-3" [_thread_blocked, id=3864, stack(0x0000000031bf0000,0x0000000031cf0000)]
  0x000000002ca2c800 JavaThread "TimerQueue" daemon [_thread_blocked, id=7904, stack(0x000000002f460000,0x000000002f560000)]
  0x0000000002a00800 JavaThread "DestroyJavaVM" [_thread_blocked, id=6928, stack(0x0000000002860000,0x0000000002960000)]
=>0x000000002c7eb800 JavaThread "AWT-EventQueue-0" [_thread_in_native, id=6408, stack(0x000000002ae60000,0x000000002af60000)]
  0x0000000027f1c000 JavaThread "AWT-Windows" daemon [_thread_in_native, id=4844, stack(0x0000000028ce0000,0x0000000028de0000)]
  0x0000000027f19000 JavaThread "AWT-Shutdown" [_thread_blocked, id=8176, stack(0x0000000028be0000,0x0000000028ce0000)]
  0x0000000027f16000 JavaThread "Java2D Disposer" daemon [_thread_blocked, id=2492, stack(0x0000000028ae0000,0x0000000028be0000)]
  0x0000000027c0e000 JavaThread "Service Thread" daemon [_thread_blocked, id=1912, stack(0x0000000028550000,0x0000000028650000)]
  0x0000000027b90800 JavaThread "C1 CompilerThread3" daemon [_thread_blocked, id=6876, stack(0x0000000028450000,0x0000000028550000)]
  0x0000000027b8c800 JavaThread "C2 CompilerThread2" daemon [_thread_blocked, id=5080, stack(0x0000000028350000,0x0000000028450000)]
  0x0000000027b79800 JavaThread "C2 CompilerThread1" daemon [_thread_blocked, id=4032, stack(0x0000000028250000,0x0000000028350000)]
  0x0000000027b76800 JavaThread "C2 CompilerThread0" daemon [_thread_blocked, id=5952, stack(0x0000000028150000,0x0000000028250000)]
  0x0000000027b74800 JavaThread "Attach Listener" daemon [_thread_blocked, id=4516, stack(0x0000000028050000,0x0000000028150000)]
  0x0000000027b73800 JavaThread "Signal Dispatcher" daemon [_thread_blocked, id=5800, stack(0x0000000027f50000,0x0000000028050000)]
  0x0000000002af7800 JavaThread "Finalizer" daemon [_thread_blocked, id=7984, stack(0x0000000027a50000,0x0000000027b50000)]
  0x0000000002af1000 JavaThread "Reference Handler" daemon [_thread_blocked, id=8440, stack(0x0000000027950000,0x0000000027a50000)]

Other Threads:
  0x0000000025b88800 VMThread [stack: 0x0000000027850000,0x0000000027950000] [id=7512]
  0x0000000027c10800 WatcherThread [stack: 0x0000000028650000,0x0000000028750000] [id=9092]

VM state:not at safepoint (normal execution)

VM Mutex/Monitor currently owned by a thread: None

Heap:
 PSYoungGen      total 177664K, used 12553K [0x0000000715a00000, 0x0000000722580000, 0x00000007c0000000)
  eden space 176640K, 6% used [0x0000000715a00000,0x000000071657a588,0x0000000720680000)
  from space 1024K, 78% used [0x0000000720b80000,0x0000000720c48000,0x0000000720c80000)
  to   space 15872K, 0% used [0x0000000721600000,0x0000000721600000,0x0000000722580000)
 ParOldGen       total 349696K, used 4847K [0x00000005c0e00000, 0x00000005d6380000, 0x0000000715a00000)
  object space 349696K, 1% used [0x00000005c0e00000,0x00000005c12bbcc8,0x00000005d6380000)
 Metaspace       used 14482K, capacity 14756K, committed 14848K, reserved 1062912K
  class space    used 1650K, capacity 1715K, committed 1792K, reserved 1048576K

Card table byte_map: [0x0000000011ec0000,0x0000000012ec0000] byte_map_base: 0x000000000f0b9000

Marking Bits: (ParMarkBitMap*) 0x000000006d6ed4f0
 Begin Bits: [0x0000000014170000, 0x000000001c138000)
 End Bits:   [0x000000001c138000, 0x0000000024100000)

Polling page: 0x0000000002960000

CodeCache: size=245760Kb used=8559Kb max_used=8559Kb free=237201Kb
 bounds [0x0000000002b00000, 0x0000000003370000, 0x0000000011b00000]
 total_blobs=2858 nmethods=2349 adapters=422
 compilation: enabled

Compilation events (10 events):
Event: 57.694 Thread 0x0000000027b8c800 2354       4       sun.java2d.d3d.D3DSurfaceData::validatePipe (414 bytes)
Event: 57.708 Thread 0x0000000027b8c800 nmethod 2354 0x0000000002c12750 code [0x0000000002c12900, 0x0000000002c12ea0]
Event: 59.038 Thread 0x0000000027b76800 2355       4       java.util.concurrent.locks.AbstractQueuedSynchronizer$ConditionObject::await (98 bytes)
Event: 59.063 Thread 0x0000000027b76800 nmethod 2355 0x00000000033462d0 code [0x00000000033464c0, 0x0000000003346e40]
Event: 60.959 Thread 0x0000000027b79800 2356       4       sun.java2d.pipe.PixelToParallelogramConverter::fill (76 bytes)
Event: 60.979 Thread 0x0000000027b79800 nmethod 2356 0x0000000003348550 code [0x0000000003348760, 0x0000000003348d30]
Event: 76.341 Thread 0x0000000027b90800 2357       3       java.awt.Component::isShowing (38 bytes)
Event: 76.342 Thread 0x0000000027b90800 nmethod 2357 0x0000000003347fd0 code [0x0000000003348140, 0x0000000003348488]
Event: 77.122 Thread 0x0000000027b90800 2358       3       com.sun.jna.Function::convertArgument (896 bytes)
Event: 77.122 Thread 0x0000000027b76800 2359       4       com.sun.jna.Function::isPrimitiveArray (23 bytes)

GC Heap History (10 events):
Event: 13.698 GC heap before
{Heap before GC invocations=21 (full 4):
 PSYoungGen      total 218624K, used 205088K [0x0000000715a00000, 0x0000000724c80000, 0x00000007c0000000)
  eden space 204288K, 100% used [0x0000000715a00000,0x0000000722180000,0x0000000722180000)
  from space 14336K, 5% used [0x0000000723e80000,0x0000000723f48000,0x0000000724c80000)
  to   space 22016K, 0% used [0x0000000722180000,0x0000000722180000,0x0000000723700000)
 ParOldGen       total 349696K, used 4775K [0x00000005c0e00000, 0x00000005d6380000, 0x0000000715a00000)
  object space 349696K, 1% used [0x00000005c0e00000,0x00000005c12a9cc8,0x00000005d6380000)
 Metaspace       used 14460K, capacity 14756K, committed 14848K, reserved 1062912K
  class space    used 1650K, capacity 1715K, committed 1792K, reserved 1048576K
Event: 13.702 GC heap after
Heap after GC invocations=21 (full 4):
 PSYoungGen      total 199168K, used 736K [0x0000000715a00000, 0x0000000724380000, 0x00000007c0000000)
  eden space 198144K, 0% used [0x0000000715a00000,0x0000000715a00000,0x0000000721b80000)
  from space 1024K, 71% used [0x0000000722180000,0x0000000722238000,0x0000000722280000)
  to   space 20480K, 0% used [0x0000000722f80000,0x0000000722f80000,0x0000000724380000)
 ParOldGen       total 349696K, used 4799K [0x00000005c0e00000, 0x00000005d6380000, 0x0000000715a00000)
  object space 349696K, 1% used [0x00000005c0e00000,0x00000005c12afcc8,0x00000005d6380000)
 Metaspace       used 14460K, capacity 14756K, committed 14848K, reserved 1062912K
  class space    used 1650K, capacity 1715K, committed 1792K, reserved 1048576K
}
Event: 14.066 GC heap before
{Heap before GC invocations=22 (full 4):
 PSYoungGen      total 199168K, used 198880K [0x0000000715a00000, 0x0000000724380000, 0x00000007c0000000)
  eden space 198144K, 100% used [0x0000000715a00000,0x0000000721b80000,0x0000000721b80000)
  from space 1024K, 71% used [0x0000000722180000,0x0000000722238000,0x0000000722280000)
  to   space 20480K, 0% used [0x0000000722f80000,0x0000000722f80000,0x0000000724380000)
 ParOldGen       total 349696K, used 4799K [0x00000005c0e00000, 0x00000005d6380000, 0x0000000715a00000)
  object space 349696K, 1% used [0x00000005c0e00000,0x00000005c12afcc8,0x00000005d6380000)
 Metaspace       used 14461K, capacity 14756K, committed 14848K, reserved 1062912K
  class space    used 1650K, capacity 1715K, committed 1792K, reserved 1048576K
Event: 14.068 GC heap after
Heap after GC invocations=22 (full 4):
 PSYoungGen      total 205312K, used 736K [0x0000000715a00000, 0x0000000723c00000, 0x00000007c0000000)
  eden space 192512K, 0% used [0x0000000715a00000,0x0000000715a00000,0x0000000721600000)
  from space 12800K, 5% used [0x0000000722f80000,0x0000000723038000,0x0000000723c00000)
  to   space 19456K, 0% used [0x0000000721600000,0x0000000721600000,0x0000000722900000)
 ParOldGen       total 349696K, used 4807K [0x00000005c0e00000, 0x00000005d6380000, 0x0000000715a00000)
  object space 349696K, 1% used [0x00000005c0e00000,0x00000005c12b1cc8,0x00000005d6380000)
 Metaspace       used 14461K, capacity 14756K, committed 14848K, reserved 1062912K
  class space    used 1650K, capacity 1715K, committed 1792K, reserved 1048576K
}
Event: 14.466 GC heap before
{Heap before GC invocations=23 (full 4):
 PSYoungGen      total 205312K, used 193248K [0x0000000715a00000, 0x0000000723c00000, 0x00000007c0000000)
  eden space 192512K, 100% used [0x0000000715a00000,0x0000000721600000,0x0000000721600000)
  from space 12800K, 5% used [0x0000000722f80000,0x0000000723038000,0x0000000723c00000)
  to   space 19456K, 0% used [0x0000000721600000,0x0000000721600000,0x0000000722900000)
 ParOldGen       total 349696K, used 4807K [0x00000005c0e00000, 0x00000005d6380000, 0x0000000715a00000)
  object space 349696K, 1% used [0x00000005c0e00000,0x00000005c12b1cc8,0x00000005d6380000)
 Metaspace       used 14465K, capacity 14756K, committed 14848K, reserved 1062912K
  class space    used 1650K, capacity 1715K, committed 1792K, reserved 1048576K
Event: 14.468 GC heap after
Heap after GC invocations=23 (full 4):
 PSYoungGen      total 187904K, used 704K [0x0000000715a00000, 0x0000000723480000, 0x00000007c0000000)
  eden space 186880K, 0% used [0x0000000715a00000,0x0000000715a00000,0x0000000721080000)
  from space 1024K, 68% used [0x0000000721600000,0x00000007216b0000,0x0000000721700000)
  to   space 18432K, 0% used [0x0000000722280000,0x0000000722280000,0x0000000723480000)
 ParOldGen       total 349696K, used 4807K [0x00000005c0e00000, 0x00000005d6380000, 0x0000000715a00000)
  object space 349696K, 1% used [0x00000005c0e00000,0x00000005c12b1cc8,0x00000005d6380000)
 Metaspace       used 14465K, capacity 14756K, committed 14848K, reserved 1062912K
  class space    used 1650K, capacity 1715K, committed 1792K, reserved 1048576K
}
Event: 33.263 GC heap before
{Heap before GC invocations=24 (full 4):
 PSYoungGen      total 187904K, used 187584K [0x0000000715a00000, 0x0000000723480000, 0x00000007c0000000)
  eden space 186880K, 100% used [0x0000000715a00000,0x0000000721080000,0x0000000721080000)
  from space 1024K, 68% used [0x0000000721600000,0x00000007216b0000,0x0000000721700000)
  to   space 18432K, 0% used [0x0000000722280000,0x0000000722280000,0x0000000723480000)
 ParOldGen       total 349696K, used 4807K [0x00000005c0e00000, 0x00000005d6380000, 0x0000000715a00000)
  object space 349696K, 1% used [0x00000005c0e00000,0x00000005c12b1cc8,0x00000005d6380000)
 Metaspace       used 14476K, capacity 14756K, committed 14848K, reserved 1062912K
  class space    used 1650K, capacity 1715K, committed 1792K, reserved 1048576K
Event: 33.272 GC heap after
Heap after GC invocations=24 (full 4):
 PSYoungGen      total 192000K, used 736K [0x0000000715a00000, 0x0000000722c80000, 0x00000007c0000000)
  eden space 181760K, 0% used [0x0000000715a00000,0x0000000715a00000,0x0000000720b80000)
  from space 10240K, 7% used [0x0000000722280000,0x0000000722338000,0x0000000722c80000)
  to   space 16896K, 0% used [0x0000000720b80000,0x0000000720b80000,0x0000000721c00000)
 ParOldGen       total 349696K, used 4807K [0x00000005c0e00000, 0x00000005d6380000, 0x0000000715a00000)
  object space 349696K, 1% used [0x00000005c0e00000,0x00000005c12b1cc8,0x00000005d6380000)
 Metaspace       used 14476K, capacity 14756K, committed 14848K, reserved 1062912K
  class space    used 1650K, capacity 1715K, committed 1792K, reserved 1048576K
}
Event: 74.387 GC heap before
{Heap before GC invocations=25 (full 4):
 PSYoungGen      total 192000K, used 182496K [0x0000000715a00000, 0x0000000722c80000, 0x00000007c0000000)
  eden space 181760K, 100% used [0x0000000715a00000,0x0000000720b80000,0x0000000720b80000)
  from space 10240K, 7% used [0x0000000722280000,0x0000000722338000,0x0000000722c80000)
  to   space 16896K, 0% used [0x0000000720b80000,0x0000000720b80000,0x0000000721c00000)
 ParOldGen       total 349696K, used 4807K [0x00000005c0e00000, 0x00000005d6380000, 0x0000000715a00000)
  object space 349696K, 1% used [0x00000005c0e00000,0x00000005c12b1cc8,0x00000005d6380000)
 Metaspace       used 14478K, capacity 14756K, committed 14848K, reserved 1062912K
  class space    used 1650K, capacity 1715K, committed 1792K, reserved 1048576K
Event: 74.392 GC heap after
Heap after GC invocations=25 (full 4):
 PSYoungGen      total 177664K, used 800K [0x0000000715a00000, 0x0000000722580000, 0x00000007c0000000)
  eden space 176640K, 0% used [0x0000000715a00000,0x0000000715a00000,0x0000000720680000)
  from space 1024K, 78% used [0x0000000720b80000,0x0000000720c48000,0x0000000720c80000)
  to   space 15872K, 0% used [0x0000000721600000,0x0000000721600000,0x0000000722580000)
 ParOldGen       total 349696K, used 4847K [0x00000005c0e00000, 0x00000005d6380000, 0x0000000715a00000)
  object space 349696K, 1% used [0x00000005c0e00000,0x00000005c12bbcc8,0x00000005d6380000)
 Metaspace       used 14478K, capacity 14756K, committed 14848K, reserved 1062912K
  class space    used 1650K, capacity 1715K, committed 1792K, reserved 1048576K
}

Deoptimization events (10 events):
Event: 6.963 Thread 0x000000002c826000 Uncommon trap: reason=null_check action=make_not_entrant pc=0x00000000032cee88 method=com.sun.jna.Structure.readField(Lcom/sun/jna/Structure$StructField;)Ljava/lang/Object; @ 141
Event: 7.004 Thread 0x000000002c826800 Uncommon trap: reason=null_check action=make_not_entrant pc=0x00000000032d3cec method=com.sun.jna.Structure.readField(Lcom/sun/jna/Structure$StructField;)Ljava/lang/Object; @ 169
Event: 7.595 Thread 0x000000002c824800 Uncommon trap: reason=unreached action=reinterpret pc=0x00000000032d15d0 method=com.sun.jna.Pointer.getValue(JLjava/lang/Class;Ljava/lang/Object;)Ljava/lang/Object; @ 355
Event: 9.589 Thread 0x000000002c824800 Uncommon trap: reason=null_check action=make_not_entrant pc=0x00000000032fe9ec method=com.sun.jna.Function.invoke(Ljava/lang/Class;[Ljava/lang/Object;Ljava/util/Map;)Ljava/lang/Object; @ 152
Event: 77.071 Thread 0x000000002c7eb800 Uncommon trap: reason=null_check action=make_not_entrant pc=0x00000000032fc438 method=com.sun.jna.Library$Handler.invoke(Ljava/lang/Object;Ljava/lang/reflect/Method;[Ljava/lang/Object;)Ljava/lang/Object; @ 129
Event: 77.122 Thread 0x000000002c7eb800 Uncommon trap: reason=class_check action=maybe_recompile pc=0x00000000032f8ba0 method=com.sun.jna.NativeMappedConverter.toNative(Ljava/lang/Object;Lcom/sun/jna/ToNativeContext;)Ljava/lang/Object; @ 43
Event: 77.122 Thread 0x000000002c7eb800 Uncommon trap: reason=unreached action=reinterpret pc=0x00000000032fb1c0 method=com.sun.jna.Function.invoke([Ljava/lang/Object;Ljava/lang/Class;Z)Ljava/lang/Object; @ 348
Event: 77.122 Thread 0x000000002c7eb800 Uncommon trap: reason=unreached action=reinterpret pc=0x0000000003301ac4 method=com.sun.jna.Function.invoke(Ljava/lang/Class;[Ljava/lang/Object;Ljava/util/Map;)Ljava/lang/Object; @ 221
Event: 77.122 Thread 0x000000002c7eb800 Uncommon trap: reason=class_check action=maybe_recompile pc=0x00000000032f8ba0 method=com.sun.jna.NativeMappedConverter.toNative(Ljava/lang/Object;Lcom/sun/jna/ToNativeContext;)Ljava/lang/Object; @ 43
Event: 77.122 Thread 0x000000002c7eb800 Uncommon trap: reason=unreached action=reinterpret pc=0x00000000032f8bdc method=com.sun.jna.Function.convertArgument([Ljava/lang/Object;ILjava/lang/reflect/Method;Lcom/sun/jna/TypeMapper;Z)Ljava/lang/Object; @ 7

Internal exceptions (10 events):
Event: 3.542 Thread 0x000000002d5ca800 Exception <a 'java/security/PrivilegedActionException'> (0x0000000717eeea10) thrown at [C:\workspace\8-2-build-windows-amd64-cygwin\jdk8u31\2394\hotspot\src\share\vm\prims\jvm.cpp, line 1312]
Event: 3.543 Thread 0x000000002d5ca800 Exception <a 'java/security/PrivilegedActionException'> (0x000000071840fd78) thrown at [C:\workspace\8-2-build-windows-amd64-cygwin\jdk8u31\2394\hotspot\src\share\vm\prims\jvm.cpp, line 1312]
Event: 3.572 Thread 0x000000002d5ca800 Exception <a 'java/security/PrivilegedActionException'> (0x0000000719dc46a8) thrown at [C:\workspace\8-2-build-windows-amd64-cygwin\jdk8u31\2394\hotspot\src\share\vm\prims\jvm.cpp, line 1312]
Event: 3.798 Thread 0x000000002d5ca800 Exception <a 'java/security/PrivilegedActionException'> (0x0000000719f7b258) thrown at [C:\workspace\8-2-build-windows-amd64-cygwin\jdk8u31\2394\hotspot\src\share\vm\prims\jvm.cpp, line 1312]
Event: 3.799 Thread 0x000000002d5ca800 Exception <a 'java/security/PrivilegedActionException'> (0x000000071a131d70) thrown at [C:\workspace\8-2-build-windows-amd64-cygwin\jdk8u31\2394\hotspot\src\share\vm\prims\jvm.cpp, line 1312]
Event: 5.771 Thread 0x000000002c7eb800 Exception <a 'java/security/PrivilegedActionException'> (0x00000007163b8710) thrown at [C:\workspace\8-2-build-windows-amd64-cygwin\jdk8u31\2394\hotspot\src\share\vm\prims\jvm.cpp, line 1312]
Event: 5.772 Thread 0x000000002ccd8800 Exception <a 'java/security/PrivilegedActionException'> (0x000000071bc9d1c0) thrown at [C:\workspace\8-2-build-windows-amd64-cygwin\jdk8u31\2394\hotspot\src\share\vm\prims\jvm.cpp, line 1312]
Event: 5.960 Thread 0x000000002c826000 Exception <a 'java/security/PrivilegedActionException'> (0x000000071c881688) thrown at [C:\workspace\8-2-build-windows-amd64-cygwin\jdk8u31\2394\hotspot\src\share\vm\prims\jvm.cpp, line 1312]
Event: 77.100 Thread 0x000000002c7eb800 Exception <a 'java/security/PrivilegedActionException'> (0x0000000716574cc8) thrown at [C:\workspace\8-2-build-windows-amd64-cygwin\jdk8u31\2394\hotspot\src\share\vm\prims\jvm.cpp, line 1312]
Event: 77.122 Thread 0x000000002c7eb800 Implicit null exception at 0x00000000032f7e39 to 0x00000000032f8bc5

Events (10 events):
Event: 77.122 Thread 0x000000002c7eb800 DEOPT UNPACKING pc=0x0000000002b4556a sp=0x000000002af5c758 mode 2
Event: 77.122 Thread 0x000000002c7eb800 Uncommon trap: trap_request=0xffffffad fr.pc=0x0000000003301ac4
Event: 77.122 Thread 0x000000002c7eb800 DEOPT PACKING pc=0x0000000003301ac4 sp=0x000000002af5c830
Event: 77.122 Thread 0x000000002c7eb800 DEOPT UNPACKING pc=0x0000000002b4556a sp=0x000000002af5c7c8 mode 2
Event: 77.122 Thread 0x000000002c7eb800 Uncommon trap: trap_request=0xffffffde fr.pc=0x00000000032f8ba0
Event: 77.122 Thread 0x000000002c7eb800 DEOPT PACKING pc=0x00000000032f8ba0 sp=0x000000002af5c710
Event: 77.122 Thread 0x000000002c7eb800 DEOPT UNPACKING pc=0x0000000002b4556a sp=0x000000002af5c678 mode 2
Event: 77.122 Thread 0x000000002c7eb800 Uncommon trap: trap_request=0xffffffad fr.pc=0x00000000032f8bdc
Event: 77.122 Thread 0x000000002c7eb800 DEOPT PACKING pc=0x00000000032f8bdc sp=0x000000002af5c710
Event: 77.122 Thread 0x000000002c7eb800 DEOPT UNPACKING pc=0x0000000002b4556a sp=0x000000002af5c6e0 mode 2


Dynamic libraries:
0x00007ff732520000 - 0x00007ff732554000 	C:\Program Files\Java\jdk1.8.0_31\bin\java.exe
0x00007ffb7fd30000 - 0x00007ffb7fed6000 	C:\Windows\SYSTEM32\ntdll.dll
0x00007ffb7f4d0000 - 0x00007ffb7f60a000 	C:\Windows\system32\KERNEL32.DLL
0x00007ffb7d210000 - 0x00007ffb7d31f000 	C:\Windows\system32\KERNELBASE.dll
0x00007ffb7bc10000 - 0x00007ffb7bc98000 	C:\Windows\system32\apphelp.dll
0x00007ffb709c0000 - 0x00007ffb70a0f000 	C:\Windows\AppPatch\AppPatch64\AcGenral.DLL
0x00007ffb7fa70000 - 0x00007ffb7fb17000 	C:\Windows\system32\msvcrt.dll
0x00007ffb7ce80000 - 0x00007ffb7ceab000 	C:\Windows\SYSTEM32\SspiCli.dll
0x00007ffb7d5b0000 - 0x00007ffb7d601000 	C:\Windows\system32\SHLWAPI.dll
0x00007ffb7f850000 - 0x00007ffb7f9c1000 	C:\Windows\system32\USER32.dll
0x00007ffb7fb20000 - 0x00007ffb7fc98000 	C:\Windows\system32\ole32.dll
0x00007ffb7dd50000 - 0x00007ffb7f15f000 	C:\Windows\system32\SHELL32.dll
0x00007ffb7c9a0000 - 0x00007ffb7c9be000 	C:\Windows\SYSTEM32\USERENV.dll
0x00007ffb7dad0000 - 0x00007ffb7db75000 	C:\Windows\system32\ADVAPI32.dll
0x00007ffb76400000 - 0x00007ffb7641b000 	C:\Windows\SYSTEM32\MPR.dll
0x00007ffb7f170000 - 0x00007ffb7f2a7000 	C:\Windows\system32\RPCRT4.dll
0x00007ffb7fcc0000 - 0x00007ffb7fd17000 	C:\Windows\SYSTEM32\sechost.dll
0x00007ffb7f670000 - 0x00007ffb7f846000 	C:\Windows\SYSTEM32\combase.dll
0x00007ffb7db90000 - 0x00007ffb7dcd4000 	C:\Windows\system32\GDI32.dll
0x00007ffb7d0a0000 - 0x00007ffb7d0b4000 	C:\Windows\SYSTEM32\profapi.dll
0x00007ffb7b860000 - 0x00007ffb7b8ff000 	C:\Windows\SYSTEM32\SHCORE.dll
0x00007ffb7f2b0000 - 0x00007ffb7f2e4000 	C:\Windows\system32\IMM32.DLL
0x00007ffb7d610000 - 0x00007ffb7d749000 	C:\Windows\system32\MSCTF.dll
0x00007ffb7afe0000 - 0x00007ffb7b23a000 	C:\Windows\WinSxS\amd64_microsoft.windows.common-controls_6595b64144ccf1df_6.0.9600.17031_none_6242a4b3ecbb55a1\COMCTL32.dll
0x000000006ce30000 - 0x000000006cf02000 	C:\Program Files\Java\jdk1.8.0_31\jre\bin\msvcr100.dll
0x000000006cf10000 - 0x000000006d76a000 	C:\Program Files\Java\jdk1.8.0_31\jre\bin\server\jvm.dll
0x00007ffb784f0000 - 0x00007ffb784f9000 	C:\Windows\SYSTEM32\WSOCK32.dll
0x00007ffb7bbf0000 - 0x00007ffb7bc0f000 	C:\Windows\SYSTEM32\WINMM.dll
0x00007ffb7fd20000 - 0x00007ffb7fd27000 	C:\Windows\system32\PSAPI.DLL
0x00007ffb7d750000 - 0x00007ffb7d7a8000 	C:\Windows\system32\WS2_32.dll
0x00007ffb7b3f0000 - 0x00007ffb7b41a000 	C:\Windows\SYSTEM32\WINMMBASE.dll
0x00007ffb7f160000 - 0x00007ffb7f169000 	C:\Windows\system32\NSI.dll
0x00007ffb7d170000 - 0x00007ffb7d1ba000 	C:\Windows\SYSTEM32\cfgmgr32.dll
0x00007ffb7bf10000 - 0x00007ffb7bf36000 	C:\Windows\SYSTEM32\DEVOBJ.dll
0x000000006cde0000 - 0x000000006cdef000 	C:\Program Files\Java\jdk1.8.0_31\jre\bin\verify.dll
0x000000006cdb0000 - 0x000000006cdd8000 	C:\Program Files\Java\jdk1.8.0_31\jre\bin\java.dll
0x000000006cd90000 - 0x000000006cda6000 	C:\Program Files\Java\jdk1.8.0_31\jre\bin\zip.dll
0x000000006cbb0000 - 0x000000006cd48000 	C:\Program Files\Java\jdk1.8.0_31\jre\bin\awt.dll
0x00007ffb7d7b0000 - 0x00007ffb7d871000 	C:\Windows\system32\OLEAUT32.dll
0x00007ffb7bd90000 - 0x00007ffb7beb1000 	C:\Windows\system32\uxtheme.dll
0x00007ffb7b480000 - 0x00007ffb7b4a0000 	C:\Windows\system32\dwmapi.dll
0x00007ffb7bd80000 - 0x00007ffb7bd8a000 	C:\Windows\SYSTEM32\kernel.appcore.dll
0x00007ffb7cf10000 - 0x00007ffb7cf1a000 	C:\Windows\SYSTEM32\CRYPTBASE.dll
0x00007ffb7ceb0000 - 0x00007ffb7cf10000 	C:\Windows\SYSTEM32\bcryptPrimitives.dll
0x00007ffb6ff30000 - 0x00007ffb70138000 	C:\Windows\system32\d3d9.dll
0x00007ffb7abd0000 - 0x00007ffb7abda000 	C:\Windows\SYSTEM32\VERSION.dll
0x00007ffb572f0000 - 0x00007ffb581e9000 	C:\Windows\SYSTEM32\nvd3dumx.dll
0x00007ffb782f0000 - 0x00007ffb784b3000 	C:\Windows\system32\nvspcap64.dll
0x00007ffb7f2f0000 - 0x00007ffb7f4c4000 	C:\Windows\system32\SETUPAPI.dll
0x00007ffb78220000 - 0x00007ffb782e5000 	C:\Windows\SYSTEM32\WINHTTP.dll
0x00007ffb788f0000 - 0x00007ffb78c83000 	C:\Windows\system32\nvapi64.dll
0x00007ffb79820000 - 0x00007ffb79900000 	C:\Program Files (x86)\NVIDIA Corporation\3D Vision\nvSCPAPI64.dll
0x00007ffb7d040000 - 0x00007ffb7d085000 	C:\Windows\system32\powrprof.dll
0x000000006cb60000 - 0x000000006cba7000 	C:\Program Files\Java\jdk1.8.0_31\jre\bin\fontmanager.dll
0x000000006cd70000 - 0x000000006cd8a000 	C:\Program Files\Java\jdk1.8.0_31\jre\bin\net.dll
0x00007ffb7c840000 - 0x00007ffb7c898000 	C:\Windows\system32\mswsock.dll
0x000000006cd50000 - 0x000000006cd61000 	C:\Program Files\Java\jdk1.8.0_31\jre\bin\nio.dll
0x000000006b4e0000 - 0x000000006b511000 	C:\Program Files\Java\jdk1.8.0_31\jre\bin\jpeg.dll
0x000000006cb10000 - 0x000000006cb51000 	C:\Program Files\Java\jdk1.8.0_31\jre\bin\t2k.dll
0x000000006cad0000 - 0x000000006cafa000 	C:\Program Files\Java\jdk1.8.0_31\jre\bin\dcpr.dll
0x00007ffb7ca50000 - 0x00007ffb7ca6e000 	C:\Windows\SYSTEM32\CRYPTSP.dll
0x00007ffb7c550000 - 0x00007ffb7c585000 	C:\Windows\system32\rsaenh.dll
0x00007ffb7cb40000 - 0x00007ffb7cb66000 	C:\Windows\SYSTEM32\bcrypt.dll
0x00007ffb7bcc0000 - 0x00007ffb7bce9000 	C:\Windows\SYSTEM32\IPHLPAPI.DLL
0x00007ffb7b930000 - 0x00007ffb7b93a000 	C:\Windows\SYSTEM32\WINNSI.DLL
0x00007ffb78070000 - 0x00007ffb78084000 	C:\Windows\SYSTEM32\dhcpcsvc6.DLL
0x00007ffb77f70000 - 0x00007ffb77f89000 	C:\Windows\SYSTEM32\dhcpcsvc.DLL
0x00007ffb70980000 - 0x00007ffb709b7000 	C:\Users\Robert\AppData\Local\Temp\jna-Robert\jna7309100401713384658.dll
0x000000006b4b0000 - 0x000000006b4de000 	E:\Documents\NetBeansProjects\Raspi-Media-Center\RaspiMediaCenter\VLC\libvlc.dll
0x000000006b200000 - 0x000000006b4ad000 	E:\Documents\NetBeansProjects\Raspi-Media-Center\RaspiMediaCenter\VLC\libvlccore.dll
0x000000006b150000 - 0x000000006b1f2000 	E:\Documents\NetBeansProjects\Raspi-Media-Center\RaspiMediaCenter\VLC\plugins\access\libdshow_plugin.dll
0x000000006b130000 - 0x000000006b144000 	E:\Documents\NetBeansProjects\Raspi-Media-Center\RaspiMediaCenter\VLC\plugins\audio_output\libdirectsound_plugin.dll
0x000000006b110000 - 0x000000006b123000 	E:\Documents\NetBeansProjects\Raspi-Media-Center\RaspiMediaCenter\VLC\plugins\audio_output\libwaveout_plugin.dll
0x000000006b0f0000 - 0x000000006b10f000 	E:\Documents\NetBeansProjects\Raspi-Media-Center\RaspiMediaCenter\VLC\plugins\video_output\libdirect3d_plugin.dll
0x000000006b0d0000 - 0x000000006b0ed000 	E:\Documents\NetBeansProjects\Raspi-Media-Center\RaspiMediaCenter\VLC\plugins\video_output\libdirectdraw_plugin.dll
0x00007ffb5e240000 - 0x00007ffb5e2c7000 	C:\Windows\SYSTEM32\DSOUND.DLL
0x00007ffb7d880000 - 0x00007ffb7d924000 	C:\Windows\SYSTEM32\clbcatq.dll
0x00007ffb79ab0000 - 0x00007ffb79b12000 	C:\Windows\System32\MMDevApi.dll
0x000000006b0c0000 - 0x000000006b0c7000 	C:\Program Files\Java\jdk1.8.0_31\jre\bin\jawt.dll
0x000000006ae40000 - 0x000000006b0b3000 	E:\Documents\NetBeansProjects\Raspi-Media-Center\RaspiMediaCenter\VLC\plugins\access\liblibbluray_plugin.dll
0x000000006ae10000 - 0x000000006ae36000 	E:\Documents\NetBeansProjects\Raspi-Media-Center\RaspiMediaCenter\VLC\plugins\access\libaccess_bd_plugin.dll
0x000000006adc0000 - 0x000000006ae0b000 	E:\Documents\NetBeansProjects\Raspi-Media-Center\RaspiMediaCenter\VLC\plugins\access\libdvdnav_plugin.dll
0x000000006ada0000 - 0x000000006adbf000 	E:\Documents\NetBeansProjects\Raspi-Media-Center\RaspiMediaCenter\VLC\plugins\access\libvdr_plugin.dll
0x000000006ad80000 - 0x000000006ad98000 	E:\Documents\NetBeansProjects\Raspi-Media-Center\RaspiMediaCenter\VLC\plugins\access\libfilesystem_plugin.dll
0x000000006ad60000 - 0x000000006ad7b000 	E:\Documents\NetBeansProjects\Raspi-Media-Center\RaspiMediaCenter\VLC\plugins\stream_filter\libsmooth_plugin.dll
0x000000006acb0000 - 0x000000006ad5f000 	E:\Documents\NetBeansProjects\Raspi-Media-Center\RaspiMediaCenter\VLC\plugins\stream_filter\libhttplive_plugin.dll
0x000000006abd0000 - 0x000000006aca4000 	E:\Documents\NetBeansProjects\Raspi-Media-Center\RaspiMediaCenter\VLC\plugins\stream_filter\libdash_plugin.dll
0x000000006aba0000 - 0x000000006abcb000 	E:\Documents\NetBeansProjects\Raspi-Media-Center\RaspiMediaCenter\VLC\plugins\access\libzip_plugin.dll
0x000000006ab80000 - 0x000000006ab96000 	E:\Documents\NetBeansProjects\Raspi-Media-Center\RaspiMediaCenter\VLC\plugins\access\librar_plugin.dll
0x000000006ab70000 - 0x000000006ab7f000 	E:\Documents\NetBeansProjects\Raspi-Media-Center\RaspiMediaCenter\VLC\plugins\stream_filter\librecord_plugin.dll
0x000000006ab40000 - 0x000000006ab64000 	E:\Documents\NetBeansProjects\Raspi-Media-Center\RaspiMediaCenter\VLC\plugins\demux\libavi_plugin.dll
0x000000006aae0000 - 0x000000006ab39000 	E:\Documents\NetBeansProjects\Raspi-Media-Center\RaspiMediaCenter\VLC\plugins\codec\libjpeg_plugin.dll
0x000000006aac0000 - 0x000000006aad1000 	E:\Documents\NetBeansProjects\Raspi-Media-Center\RaspiMediaCenter\VLC\plugins\codec\libcdg_plugin.dll
0x000000006aa60000 - 0x000000006aabc000 	E:\Documents\NetBeansProjects\Raspi-Media-Center\RaspiMediaCenter\VLC\plugins\codec\libpng_plugin.dll
0x000000006a8e0000 - 0x000000006aa5b000 	E:\Documents\NetBeansProjects\Raspi-Media-Center\RaspiMediaCenter\VLC\plugins\codec\libschroedinger_plugin.dll
0x000000006a800000 - 0x000000006a8d5000 	E:\Documents\NetBeansProjects\Raspi-Media-Center\RaspiMediaCenter\VLC\plugins\codec\libvorbis_plugin.dll
0x000000006a7a0000 - 0x000000006a7fa000 	E:\Documents\NetBeansProjects\Raspi-Media-Center\RaspiMediaCenter\VLC\plugins\codec\libtheora_plugin.dll
0x000000006a780000 - 0x000000006a791000 	E:\Documents\NetBeansProjects\Raspi-Media-Center\RaspiMediaCenter\VLC\plugins\codec\libdts_plugin.dll
0x000000006a760000 - 0x000000006a775000 	E:\Documents\NetBeansProjects\Raspi-Media-Center\RaspiMediaCenter\VLC\plugins\codec\libaraw_plugin.dll
0x000000006a740000 - 0x000000006a757000 	E:\Documents\NetBeansProjects\Raspi-Media-Center\RaspiMediaCenter\VLC\plugins\codec\libsubstx3g_plugin.dll
0x000000006a6c0000 - 0x000000006a734000 	E:\Documents\NetBeansProjects\Raspi-Media-Center\RaspiMediaCenter\VLC\plugins\codec\libflac_plugin.dll
0x000000006a6a0000 - 0x000000006a6b3000 	E:\Documents\NetBeansProjects\Raspi-Media-Center\RaspiMediaCenter\VLC\plugins\codec\libg711_plugin.dll
0x000000006a690000 - 0x000000006a6a0000 	E:\Documents\NetBeansProjects\Raspi-Media-Center\RaspiMediaCenter\VLC\plugins\codec\libaes3_plugin.dll
0x000000006a650000 - 0x000000006a689000 	E:\Documents\NetBeansProjects\Raspi-Media-Center\RaspiMediaCenter\VLC\plugins\codec\libspeex_plugin.dll
0x000000006a360000 - 0x000000006a649000 	E:\Documents\NetBeansProjects\Raspi-Media-Center\RaspiMediaCenter\VLC\plugins\codec\liblibass_plugin.dll
0x000000006a2f0000 - 0x000000006a35f000 	E:\Documents\NetBeansProjects\Raspi-Media-Center\RaspiMediaCenter\VLC\plugins\codec\libfaad_plugin.dll
0x000000006a2d0000 - 0x000000006a2e1000 	E:\Documents\NetBeansProjects\Raspi-Media-Center\RaspiMediaCenter\VLC\plugins\codec\liba52_plugin.dll
0x000000006a2c0000 - 0x000000006a2d0000 	E:\Documents\NetBeansProjects\Raspi-Media-Center\RaspiMediaCenter\VLC\plugins\codec\libmpeg_audio_plugin.dll
0x000000006a2a0000 - 0x000000006a2b1000 	E:\Documents\NetBeansProjects\Raspi-Media-Center\RaspiMediaCenter\VLC\plugins\codec\liblpcm_plugin.dll
0x000000006a220000 - 0x000000006a297000 	E:\Documents\NetBeansProjects\Raspi-Media-Center\RaspiMediaCenter\VLC\plugins\codec\libopus_plugin.dll
0x000000006a1f0000 - 0x000000006a219000 	E:\Documents\NetBeansProjects\Raspi-Media-Center\RaspiMediaCenter\VLC\plugins\codec\libdvbsub_plugin.dll
0x000000006a1d0000 - 0x000000006a1e1000 	E:\Documents\NetBeansProjects\Raspi-Media-Center\RaspiMediaCenter\VLC\plugins\codec\libspudec_plugin.dll
0x0000000068bf0000 - 0x000000006a1c9000 	E:\Documents\NetBeansProjects\Raspi-Media-Center\RaspiMediaCenter\VLC\plugins\codec\libavcodec_plugin.dll
0x0000000068a50000 - 0x0000000068be1000 	E:\Documents\NetBeansProjects\Raspi-Media-Center\RaspiMediaCenter\VLC\plugins\meta_engine\libtaglib_plugin.dll
0x00000000689f0000 - 0x0000000068a4c000 	E:\Documents\NetBeansProjects\Raspi-Media-Center\RaspiMediaCenter\VLC\plugins\lua\liblua_plugin.dll
0x0000000068900000 - 0x00000000689e8000 	E:\Documents\NetBeansProjects\Raspi-Media-Center\RaspiMediaCenter\VLC\plugins\text_renderer\libfreetype_plugin.dll
0x00000000688e0000 - 0x00000000688f5000 	E:\Documents\NetBeansProjects\Raspi-Media-Center\RaspiMediaCenter\VLC\plugins\video_chroma\libi420_yuy2_sse2_plugin.dll
0x00000000688c0000 - 0x00000000688d2000 	E:\Documents\NetBeansProjects\Raspi-Media-Center\RaspiMediaCenter\VLC\plugins\video_chroma\libi420_yuy2_mmx_plugin.dll
0x00000000687e0000 - 0x00000000688bb000 	E:\Documents\NetBeansProjects\Raspi-Media-Center\RaspiMediaCenter\VLC\plugins\video_chroma\libswscale_plugin.dll
0x00000000687c0000 - 0x00000000687d3000 	E:\Documents\NetBeansProjects\Raspi-Media-Center\RaspiMediaCenter\VLC\plugins\video_chroma\libi422_yuy2_sse2_plugin.dll
0x0000000068790000 - 0x00000000687b9000 	E:\Documents\NetBeansProjects\Raspi-Media-Center\RaspiMediaCenter\VLC\plugins\video_chroma\libi420_rgb_sse2_plugin.dll
0x0000000068770000 - 0x0000000068789000 	E:\Documents\NetBeansProjects\Raspi-Media-Center\RaspiMediaCenter\VLC\plugins\video_chroma\libi420_rgb_mmx_plugin.dll
0x0000000068750000 - 0x0000000068761000 	E:\Documents\NetBeansProjects\Raspi-Media-Center\RaspiMediaCenter\VLC\plugins\video_chroma\libi422_yuy2_mmx_plugin.dll
0x0000000068730000 - 0x0000000068744000 	E:\Documents\NetBeansProjects\Raspi-Media-Center\RaspiMediaCenter\VLC\plugins\video_chroma\libyuy2_i422_plugin.dll
0x0000000068710000 - 0x0000000068721000 	E:\Documents\NetBeansProjects\Raspi-Media-Center\RaspiMediaCenter\VLC\plugins\video_chroma\libgrey_yuv_plugin.dll
0x00000000686f0000 - 0x0000000068708000 	E:\Documents\NetBeansProjects\Raspi-Media-Center\RaspiMediaCenter\VLC\plugins\video_chroma\libyuy2_i420_plugin.dll
0x00000000686d0000 - 0x00000000686e3000 	E:\Documents\NetBeansProjects\Raspi-Media-Center\RaspiMediaCenter\VLC\plugins\video_chroma\libi422_yuy2_plugin.dll
0x00000000686b0000 - 0x00000000686c6000 	E:\Documents\NetBeansProjects\Raspi-Media-Center\RaspiMediaCenter\VLC\plugins\video_chroma\libi420_yuy2_plugin.dll

VM Arguments:
jvm_args: -Dfile.encoding=UTF-8 
java_command: raspimediacenter.RaspiMediaCenter
java_class_path (initial): E:\Downloads\gson-2.3.jar;E:\Downloads\JARS\jna-3.5.2.jar;E:\Downloads\JARS\platform-3.5.2.jar;E:\Downloads\JARS\slf4j-api-1.7.21.jar;E:\Downloads\JARS\vlcj-3.8.0.jar;E:\Documents\NetBeansProjects\Raspi-Media-Center\RaspiMediaCenter\build\classes
Launcher Type: SUN_STANDARD

Environment Variables:
JAVA_HOME=C:\Program Files\Java\jdk1.8.0_31
PATH=C:\ProgramData\Oracle\Java\javapath;C:\Program Files (x86)\Intel\iCLS Client\;C:\Program Files\Intel\iCLS Client\;C:\Windows\system32;C:\Windows;C:\Windows\System32\Wbem;C:\Windows\System32\WindowsPowerShell\v1.0\;C:\Program Files\Intel\Intel(R) Management Engine Components\DAL;C:\Program Files (x86)\Intel\Intel(R) Management Engine Components\DAL;C:\Program Files\Intel\Intel(R) Management Engine Components\IPT;C:\Program Files (x86)\Intel\Intel(R) Management Engine Components\IPT;C:\Program Files\Microsoft SQL Server\110\Tools\Binn\;C:\Program Files (x86)\Windows Kits\8.1\Windows Performance Toolkit\;C:\Program Files (x86)\Microsoft SDKs\TypeScript\1.0\;C:\Program Files (x86)\Skype\Phone\;C:\Program Files (x86)\NVIDIA Corporation\PhysX\Common;D:\Program Files (x86)\QuickTime\QTSystem\;D:\Program Files (x86)\Brackets\command
USERNAME=Robert
OS=Windows_NT
PROCESSOR_IDENTIFIER=Intel64 Family 6 Model 60 Stepping 3, GenuineIntel



---------------  S Y S T E M  ---------------

OS: Windows 8.1 , 64 bit Build 9600 

CPU:total 8 (4 cores per cpu, 2 threads per core) family 6 model 60 stepping 3, cmov, cx8, fxsr, mmx, sse, sse2, sse3, ssse3, sse4.1, sse4.2, popcnt, avx, avx2, aes, clmul, erms, rtm, lzcnt, ht, tsc, tscinvbit, bmi1, bmi2

Memory: 4k page, physical 33494268k(28090892k free), swap 38475004k(31778972k free)

vm_info: Java HotSpot(TM) 64-Bit Server VM (25.31-b07) for windows-amd64 JRE (1.8.0_31-b13), built on Dec 17 2014 21:00:28 by "java_re" with MS VC++ 10.0 (VS2010)

time: Tue May 24 23:23:37 2016
elapsed time: 77 seconds (0d 0h 1m 17s)

