#
# A fatal error has been detected by the Java Runtime Environment:
#
#  EXCEPTION_ACCESS_VIOLATION (0xc0000005) at pc=0x00007ffb7fd69a7a, pid=7240, tid=9208
#
# JRE version: Java(TM) SE Runtime Environment (8.0_31-b13) (build 1.8.0_31-b13)
# Java VM: Java HotSpot(TM) 64-Bit Server VM (25.31-b07 mixed mode windows-amd64 compressed oops)
# Problematic frame:
# C  [ntdll.dll+0x39a7a]
#
# Failed to write core dump. Minidumps are not enabled by default on client versions of Windows
#
# If you would like to submit a bug report, please visit:
#   http://bugreport.java.com/bugreport/crash.jsp
# The crash happened outside the Java Virtual Machine in native code.
# See problematic frame for where to report the bug.
#

---------------  T H R E A D  ---------------

Current thread (0x000000002c0a8000):  
[error occurred during error reporting (printing current thread), id 0xc0000005]

siginfo: ExceptionCode=0xc0000005, writing address 0x0000000000000024

Registers:
RAX=0x0000000000000000, RBX=0x000000002f052028, RCX=0x00000000fffffffc, RDX=0x00000000000007e0
RSP=0x000000002f6ae630, RBP=0x00007ff7314aa000, RSI=0x00000000000007e0, RDI=0x0000000000000000
R8 =0xffffffffffffffff, R9 =0x00007ff7314aa000, R10=0x0000000000000000, R11=0x0000000000000246
R12=0x0000000000000000, R13=0x0000000000000000, R14=0x0000000000000000, R15=0x0000000000000000
RIP=0x00007ffb7fd69a7a, EFLAGS=0x0000000000010213

Top of Stack: (sp=0x000000002f6ae630)
0x000000002f6ae630:   00000000000007e0 000000006d044025
0x000000002f6ae640:   000000002f6ae868 0000000000000200
0x000000002f6ae650:   000000002c0a8000 000000000000000a
0x000000002f6ae660:   000000002d14f8b0 000000006d048dd9
0x000000002f6ae670:   0000000000000000 000000006d4eb438
0x000000002f6ae680:   000000002f08d010 ffffffff00000000
0x000000002f6ae690:   000000002f420dc0 000000002c0a8000
0x000000002f6ae6a0:   00000000277fed68 000000002f6ae858
0x000000002f6ae6b0:   0000c2f179fd71ed 00000000277fe990
0x000000002f6ae6c0:   0000000000000004 0000000000000001
0x000000002f6ae6d0:   000000002f6aef00 000000007ffe0372
0x000000002f6ae6e0:   0000000000000000 0000000000000000
0x000000002f6ae6f0:   00007ff7314aa000 00007ffb7fd68374
0x000000002f6ae700:   000000002c0a8000 00007ffb6111fc42
0x000000002f6ae710:   000000002f052028 00007ffb00000000
0x000000002f6ae720:   0000000000000000 00000007c016b038 

Instructions: (pc=0x00007ffb7fd69a7a)
0x00007ffb7fd69a5a:   a8 01 0f 85 e0 00 00 00 8b c8 41 2b ce f0 0f b1
0x00007ffb7fd69a6a:   4b 08 75 e9 48 8b 03 45 33 f6 48 83 f8 ff 74 03
0x00007ffb7fd69a7a:   ff 40 24 41 bf 82 03 fe 7f 41 8a 0f 84 c9 0f 85
0x00007ffb7fd69a8a:   8c 35 07 00 48 83 fe ff 0f 84 e1 35 07 00 4c 8b 


Register to memory mapping:

RAX=0x0000000000000000 is an unknown value
RBX=0x000000002f052028 is an unknown value
RCX=0x00000000fffffffc is an unknown value
RDX=0x00000000000007e0 is an unknown value
RSP=0x000000002f6ae630 is pointing into the stack for thread: 0x000000002c0a8000
RBP=0x00007ff7314aa000 is an unknown value
RSI=0x00000000000007e0 is an unknown value
RDI=0x0000000000000000 is an unknown value
R8 =0xffffffffffffffff is an unknown value
R9 =0x00007ff7314aa000 is an unknown value
R10=0x0000000000000000 is an unknown value
R11=0x0000000000000246 is an unknown value
R12=0x0000000000000000 is an unknown value
R13=0x0000000000000000 is an unknown value
R14=0x0000000000000000 is an unknown value
R15=0x0000000000000000 is an unknown value


Stack: [0x000000002f5b0000,0x000000002f6b0000],  sp=0x000000002f6ae630,  free space=1017k
Native frames: (J=compiled Java code, j=interpreted, Vv=VM code, C=native code)
C  [ntdll.dll+0x39a7a]
C  [ntdll.dll+0x38374]
C  [libvlc.dll+0xe555]
C  [jna4114291768628281098.dll+0x176f3]
C  [jna4114291768628281098.dll+0xffe7]
C  [jna4114291768628281098.dll+0x3d1a]
C  [jna4114291768628281098.dll+0x4e97]
C  0x0000000002cec4e3

Java frames: (J=compiled Java code, j=interpreted, Vv=VM code)
J 2471  com.sun.jna.Native.invokeLong(JI[Ljava/lang/Object;)J (0 bytes) @ 0x0000000002cec45d [0x0000000002cec400+0x5d]
j  com.sun.jna.Function.invoke([Ljava/lang/Object;Ljava/lang/Class;Z)Ljava/lang/Object;+389
j  com.sun.jna.Function.invoke(Ljava/lang/Class;[Ljava/lang/Object;Ljava/util/Map;)Ljava/lang/Object;+214
j  com.sun.jna.Library$Handler.invoke(Ljava/lang/Object;Ljava/lang/reflect/Method;[Ljava/lang/Object;)Ljava/lang/Object;+341
J 2723 C2 raspimediacenter.Logic.Players.EmbeddedVideoPlayer.getTime()J (10 bytes) @ 0x0000000002dde62c [0x0000000002dde520+0x10c]
j  raspimediacenter.Logic.Players.EmbeddedVideoPlayer$TrackThread.fastForward()V+15
j  raspimediacenter.Logic.Players.EmbeddedVideoPlayer$TrackThread.run()V+8
j  java.lang.Thread.run()V+11
v  ~StubRoutines::call_stub

---------------  P R O C E S S  ---------------

Java Threads: ( => current thread )
  0x000000002c0a8800 
[error occurred during error reporting (printing all threads), id 0xc0000005]

VM state:at safepoint (normal execution)

VM Mutex/Monitor currently owned by a thread:  ([mutex/lock_event])
[0x000000000250c230] Threads_lock - owner thread: 0x00000000254f8800
[0x000000000250c4b0] Heap_lock - owner thread: 0x000000002c12d000

Heap:
 PSYoungGen      total 89600K, used 256K [0x0000000715a00000, 0x000000071b500000, 0x00000007c0000000)
  eden space 86016K, 0% used [0x0000000715a00000,0x0000000715a00000,0x000000071ae00000)
  from space 3584K, 7% used [0x000000071ae00000,0x000000071ae40000,0x000000071b180000)
  to   space 3584K, 0% used [0x000000071b180000,0x000000071b180000,0x000000071b500000)
 ParOldGen       total 349696K, used 6563K [0x00000005c0e00000, 0x00000005d6380000, 0x0000000715a00000)
  object space 349696K, 1% used [0x00000005c0e00000,0x00000005c1468cf8,0x00000005d6380000)
 Metaspace       used 15383K, capacity 15654K, committed 16000K, reserved 1062912K
  class space    used 1730K, capacity 1816K, committed 1920K, reserved 1048576K

Card table byte_map: [0x00000000118d0000,0x00000000128d0000] byte_map_base: 0x000000000eac9000

Marking Bits: (ParMarkBitMap*) 0x000000006d6ed4f0
 Begin Bits: [0x0000000013b80000, 0x000000001bb48000)
 End Bits:   [0x000000001bb48000, 0x0000000023b10000)

Polling page: 0x00000000009e0000

CodeCache: size=245760Kb used=9010Kb max_used=9128Kb free=236749Kb
 bounds [0x0000000002510000, 0x0000000002e30000, 0x0000000011510000]
 total_blobs=3057 nmethods=2540 adapters=430
 compilation: enabled

Compilation events (10 events):
Event: 38.768 Thread 0x000000002752f000 2850   !   3       sun.net.www.http.KeepAliveStream::close (236 bytes)
Event: 38.769 Thread 0x000000002752f000 nmethod 2850 0x0000000002838b50 code [0x0000000002838dc0, 0x000000000283a0c8]
Event: 38.772 Thread 0x000000002752f000 2852   !   3       java.io.FileOutputStream::close (62 bytes)
Event: 38.773 Thread 0x000000002752f000 nmethod 2852 0x0000000002929fd0 code [0x000000000292a160, 0x000000000292a7f8]
Event: 38.863 Thread 0x000000002752f000 2853       3       sun.java2d.d3d.D3DSurfaceData$D3DWindowSurfaceData::isDirty (18 bytes)
Event: 38.863 Thread 0x000000002752f000 nmethod 2853 0x00000000026922d0 code [0x0000000002692440, 0x00000000026926c8]
Event: 38.951 Thread 0x000000002752f000 2854       3       com.sun.jna.MethodParameterContext::<init> (14 bytes)
Event: 38.952 Thread 0x000000002751d800 2857       4       com.sun.jna.Function::isPrimitiveArray (23 bytes)
Event: 38.952 Thread 0x000000002752f000 nmethod 2854 0x00000000028d5dd0 code [0x00000000028d5f40, 0x00000000028d61f0]
Event: 38.952 Thread 0x000000002752f000 2856       3       com.sun.jna.Function::convertArgument (896 bytes)

GC Heap History (10 events):
Event: 37.358 GC heap before
{Heap before GC invocations=49 (full 3):
 PSYoungGen      total 94720K, used 94304K [0x0000000715a00000, 0x000000071bf80000, 0x00000007c0000000)
  eden space 93696K, 100% used [0x0000000715a00000,0x000000071b580000,0x000000071b580000)
  from space 1024K, 59% used [0x000000071b700000,0x000000071b798000,0x000000071b800000)
  to   space 5120K, 0% used [0x000000071ba80000,0x000000071ba80000,0x000000071bf80000)
 ParOldGen       total 349696K, used 6275K [0x00000005c0e00000, 0x00000005d6380000, 0x0000000715a00000)
  object space 349696K, 1% used [0x00000005c0e00000,0x00000005c1420cd8,0x00000005d6380000)
 Metaspace       used 15352K, capacity 15654K, committed 16000K, reserved 1062912K
  class space    used 1729K, capacity 1816K, committed 1920K, reserved 1048576K
Event: 37.360 GC heap after
Heap after GC invocations=49 (full 3):
 PSYoungGen      total 95744K, used 672K [0x0000000715a00000, 0x000000071be00000, 0x00000007c0000000)
  eden space 92160K, 0% used [0x0000000715a00000,0x0000000715a00000,0x000000071b400000)
  from space 3584K, 18% used [0x000000071ba80000,0x000000071bb28000,0x000000071be00000)
  to   space 5120K, 0% used [0x000000071b400000,0x000000071b400000,0x000000071b900000)
 ParOldGen       total 349696K, used 6283K [0x00000005c0e00000, 0x00000005d6380000, 0x0000000715a00000)
  object space 349696K, 1% used [0x00000005c0e00000,0x00000005c1422cd8,0x00000005d6380000)
 Metaspace       used 15352K, capacity 15654K, committed 16000K, reserved 1062912K
  class space    used 1729K, capacity 1816K, committed 1920K, reserved 1048576K
}
Event: 37.760 GC heap before
{Heap before GC invocations=50 (full 3):
 PSYoungGen      total 95744K, used 92832K [0x0000000715a00000, 0x000000071be00000, 0x00000007c0000000)
  eden space 92160K, 100% used [0x0000000715a00000,0x000000071b400000,0x000000071b400000)
  from space 3584K, 18% used [0x000000071ba80000,0x000000071bb28000,0x000000071be00000)
  to   space 5120K, 0% used [0x000000071b400000,0x000000071b400000,0x000000071b900000)
 ParOldGen       total 349696K, used 6283K [0x00000005c0e00000, 0x00000005d6380000, 0x0000000715a00000)
  object space 349696K, 1% used [0x00000005c0e00000,0x00000005c1422cd8,0x00000005d6380000)
 Metaspace       used 15357K, capacity 15654K, committed 16000K, reserved 1062912K
  class space    used 1729K, capacity 1816K, committed 1920K, reserved 1048576K
Event: 37.762 GC heap after
Heap after GC invocations=50 (full 3):
 PSYoungGen      total 91648K, used 768K [0x0000000715a00000, 0x000000071bb80000, 0x00000007c0000000)
  eden space 90624K, 0% used [0x0000000715a00000,0x0000000715a00000,0x000000071b280000)
  from space 1024K, 75% used [0x000000071b400000,0x000000071b4c0000,0x000000071b500000)
  to   space 4608K, 0% used [0x000000071b700000,0x000000071b700000,0x000000071bb80000)
 ParOldGen       total 349696K, used 6379K [0x00000005c0e00000, 0x00000005d6380000, 0x0000000715a00000)
  object space 349696K, 1% used [0x00000005c0e00000,0x00000005c143ace8,0x00000005d6380000)
 Metaspace       used 15357K, capacity 15654K, committed 16000K, reserved 1062912K
  class space    used 1729K, capacity 1816K, committed 1920K, reserved 1048576K
}
Event: 38.060 GC heap before
{Heap before GC invocations=51 (full 3):
 PSYoungGen      total 91648K, used 91392K [0x0000000715a00000, 0x000000071bb80000, 0x00000007c0000000)
  eden space 90624K, 100% used [0x0000000715a00000,0x000000071b280000,0x000000071b280000)
  from space 1024K, 75% used [0x000000071b400000,0x000000071b4c0000,0x000000071b500000)
  to   space 4608K, 0% used [0x000000071b700000,0x000000071b700000,0x000000071bb80000)
 ParOldGen       total 349696K, used 6379K [0x00000005c0e00000, 0x00000005d6380000, 0x0000000715a00000)
  object space 349696K, 1% used [0x00000005c0e00000,0x00000005c143ace8,0x00000005d6380000)
 Metaspace       used 15357K, capacity 15654K, committed 16000K, reserved 1062912K
  class space    used 1729K, capacity 1816K, committed 1920K, reserved 1048576K
Event: 38.062 GC heap after
Heap after GC invocations=51 (full 3):
 PSYoungGen      total 91136K, used 704K [0x0000000715a00000, 0x000000071b900000, 0x00000007c0000000)
  eden space 89088K, 0% used [0x0000000715a00000,0x0000000715a00000,0x000000071b100000)
  from space 2048K, 34% used [0x000000071b700000,0x000000071b7b0000,0x000000071b900000)
  to   space 4096K, 0% used [0x000000071b100000,0x000000071b100000,0x000000071b500000)
 ParOldGen       total 349696K, used 6419K [0x00000005c0e00000, 0x00000005d6380000, 0x0000000715a00000)
  object space 349696K, 1% used [0x00000005c0e00000,0x00000005c1444ce8,0x00000005d6380000)
 Metaspace       used 15357K, capacity 15654K, committed 16000K, reserved 1062912K
  class space    used 1729K, capacity 1816K, committed 1920K, reserved 1048576K
}
Event: 38.464 GC heap before
{Heap before GC invocations=52 (full 3):
 PSYoungGen      total 91136K, used 89792K [0x0000000715a00000, 0x000000071b900000, 0x00000007c0000000)
  eden space 89088K, 100% used [0x0000000715a00000,0x000000071b100000,0x000000071b100000)
  from space 2048K, 34% used [0x000000071b700000,0x000000071b7b0000,0x000000071b900000)
  to   space 4096K, 0% used [0x000000071b100000,0x000000071b100000,0x000000071b500000)
 ParOldGen       total 349696K, used 6419K [0x00000005c0e00000, 0x00000005d6380000, 0x0000000715a00000)
  object space 349696K, 1% used [0x00000005c0e00000,0x00000005c1444ce8,0x00000005d6380000)
 Metaspace       used 15375K, capacity 15654K, committed 16000K, reserved 1062912K
  class space    used 1729K, capacity 1816K, committed 1920K, reserved 1048576K
Event: 38.466 GC heap after
Heap after GC invocations=52 (full 3):
 PSYoungGen      total 88576K, used 672K [0x0000000715a00000, 0x000000071b780000, 0x00000007c0000000)
  eden space 87552K, 0% used [0x0000000715a00000,0x0000000715a00000,0x000000071af80000)
  from space 1024K, 65% used [0x000000071b100000,0x000000071b1a8000,0x000000071b200000)
  to   space 4096K, 0% used [0x000000071b380000,0x000000071b380000,0x000000071b780000)
 ParOldGen       total 349696K, used 6459K [0x00000005c0e00000, 0x00000005d6380000, 0x0000000715a00000)
  object space 349696K, 1% used [0x00000005c0e00000,0x00000005c144ece8,0x00000005d6380000)
 Metaspace       used 15375K, capacity 15654K, committed 16000K, reserved 1062912K
  class space    used 1729K, capacity 1816K, committed 1920K, reserved 1048576K
}
Event: 38.800 GC heap before
{Heap before GC invocations=53 (full 3):
 PSYoungGen      total 88576K, used 88224K [0x0000000715a00000, 0x000000071b780000, 0x00000007c0000000)
  eden space 87552K, 100% used [0x0000000715a00000,0x000000071af80000,0x000000071af80000)
  from space 1024K, 65% used [0x000000071b100000,0x000000071b1a8000,0x000000071b200000)
  to   space 4096K, 0% used [0x000000071b380000,0x000000071b380000,0x000000071b780000)
 ParOldGen       total 349696K, used 6459K [0x00000005c0e00000, 0x00000005d6380000, 0x0000000715a00000)
  object space 349696K, 1% used [0x00000005c0e00000,0x00000005c144ece8,0x00000005d6380000)
 Metaspace       used 15380K, capacity 15654K, committed 16000K, reserved 1062912K
  class space    used 1729K, capacity 1816K, committed 1920K, reserved 1048576K
Event: 38.802 GC heap after
Heap after GC invocations=53 (full 3):
 PSYoungGen      total 87552K, used 768K [0x0000000715a00000, 0x000000071b500000, 0x00000007c0000000)
  eden space 86016K, 0% used [0x0000000715a00000,0x0000000715a00000,0x000000071ae00000)
  from space 1536K, 50% used [0x000000071b380000,0x000000071b440000,0x000000071b500000)
  to   space 3584K, 0% used [0x000000071ae00000,0x000000071ae00000,0x000000071b180000)
 ParOldGen       total 349696K, used 6531K [0x00000005c0e00000, 0x00000005d6380000, 0x0000000715a00000)
  object space 349696K, 1% used [0x00000005c0e00000,0x00000005c1460ce8,0x00000005d6380000)
 Metaspace       used 15380K, capacity 15654K, committed 16000K, reserved 1062912K
  class space    used 1729K, capacity 1816K, committed 1920K, reserved 1048576K
}

Deoptimization events (10 events):
Event: 32.344 Thread 0x0000000027686000 Uncommon trap: reason=unreached action=reinterpret pc=0x0000000002de5c54 method=com.google.gson.stream.JsonWriter.value(Ljava/lang/String;)Lcom/google/gson/stream/JsonWriter; @ 1
Event: 38.884 Thread 0x000000002c12d000 Uncommon trap: reason=null_check action=make_not_entrant pc=0x0000000002da8078 method=com.sun.jna.Library$Handler.invoke(Ljava/lang/Object;Ljava/lang/reflect/Method;[Ljava/lang/Object;)Ljava/lang/Object; @ 129
Event: 38.924 Thread 0x000000002c917800 Uncommon trap: reason=class_check action=maybe_recompile pc=0x0000000002dfa8f0 method=uk.co.caprica.vlcj.player.DefaultMediaPlayer$NotifyEventListenersRunnable.run()V @ 51
Event: 38.924 Thread 0x000000002c12d000 Uncommon trap: reason=unloaded action=reinterpret pc=0x0000000002df6320 method=uk.co.caprica.vlcj.player.events.MediaPlayerEventFactory.createEvent(Luk/co/caprica/vlcj/binding/internal/libvlc_event_t;J)Luk/co/caprica/vlcj/player/events/MediaPlayerEvent; @ [ÌVvC@
Event: 38.925 Thread 0x000000002c917800 Uncommon trap: reason=class_check action=maybe_recompile pc=0x0000000002dfa8f0 method=uk.co.caprica.vlcj.player.DefaultMediaPlayer$NotifyEventListenersRunnable.run()V @ 51
Event: 38.951 Thread 0x000000002c12d000 Uncommon trap: reason=class_check action=maybe_recompile pc=0x0000000002da4710 method=com.sun.jna.NativeMappedConverter.toNative(Ljava/lang/Object;Lcom/sun/jna/ToNativeContext;)Ljava/lang/Object; @ 43
Event: 38.951 Thread 0x000000002c12d000 Uncommon trap: reason=unreached action=reinterpret pc=0x0000000002da68b8 method=com.sun.jna.Function.invoke([Ljava/lang/Object;Ljava/lang/Class;Z)Ljava/lang/Object; @ 348
Event: 38.951 Thread 0x000000002c12d000 Uncommon trap: reason=unreached action=reinterpret pc=0x0000000002dad7e4 method=com.sun.jna.Function.invoke(Ljava/lang/Class;[Ljava/lang/Object;Ljava/util/Map;)Ljava/lang/Object; @ 221
Event: 38.951 Thread 0x000000002c12d000 Uncommon trap: reason=class_check action=maybe_recompile pc=0x0000000002da4710 method=com.sun.jna.NativeMappedConverter.toNative(Ljava/lang/Object;Lcom/sun/jna/ToNativeContext;)Ljava/lang/Object; @ 43
Event: 38.951 Thread 0x000000002c12d000 Uncommon trap: reason=unreached action=reinterpret pc=0x0000000002da47c8 method=com.sun.jna.Function.convertArgument([Ljava/lang/Object;ILjava/lang/reflect/Method;Lcom/sun/jna/TypeMapper;Z)Ljava/lang/Object; @ 7

Internal exceptions (10 events):
Event: 13.637 Thread 0x000000002c0a8000 Exception <a 'java/security/PrivilegedActionException'> (0x0000000718fc1d70) thrown at [C:\workspace\8-2-build-windows-amd64-cygwin\jdk8u31\2394\hotspot\src\share\vm\prims\jvm.cpp, line 1312]
Event: 13.638 Thread 0x000000002c0a8800 Exception <a 'java/security/PrivilegedActionException'> (0x000000071910ae10) thrown at [C:\workspace\8-2-build-windows-amd64-cygwin\jdk8u31\2394\hotspot\src\share\vm\prims\jvm.cpp, line 1312]
Event: 22.708 Thread 0x000000002c12d000 Exception <a 'java/security/PrivilegedActionException'> (0x00000007161f6860) thrown at [C:\workspace\8-2-build-windows-amd64-cygwin\jdk8u31\2394\hotspot\src\share\vm\prims\jvm.cpp, line 1312]
Event: 22.708 Thread 0x000000002c0a7000 Exception <a 'java/security/PrivilegedActionException'> (0x000000071f1be130) thrown at [C:\workspace\8-2-build-windows-amd64-cygwin\jdk8u31\2394\hotspot\src\share\vm\prims\jvm.cpp, line 1312]
Event: 22.996 Thread 0x000000002c0a8800 Exception <a 'java/security/PrivilegedActionException'> (0x00000007187df0c8) thrown at [C:\workspace\8-2-build-windows-amd64-cygwin\jdk8u31\2394\hotspot\src\share\vm\prims\jvm.cpp, line 1312]
Event: 30.370 Thread 0x000000002c0a7000 Exception <a 'java/security/PrivilegedActionException'> (0x00000007172c3208) thrown at [C:\workspace\8-2-build-windows-amd64-cygwin\jdk8u31\2394\hotspot\src\share\vm\prims\jvm.cpp, line 1312]
Event: 32.344 Thread 0x0000000027686000 Implicit null exception at 0x0000000002c5ab06 to 0x0000000002c5f7b1
Event: 32.344 Thread 0x0000000027686000 Implicit null exception at 0x0000000002de7392 to 0x0000000002de7a31
Event: 38.924 Thread 0x000000002c12d000 Exception <a 'java/security/PrivilegedActionException'> (0x00000007169a11f0) thrown at [C:\workspace\8-2-build-windows-amd64-cygwin\jdk8u31\2394\hotspot\src\share\vm\prims\jvm.cpp, line 1312]
Event: 38.951 Thread 0x000000002c12d000 Implicit null exception at 0x0000000002da3838 to 0x0000000002da47a9

Events (10 events):
Event: 38.951 Thread 0x000000002c12d000 Uncommon trap: trap_request=0xffffffad fr.pc=0x0000000002dad7e4
Event: 38.951 Thread 0x000000002c12d000 DEOPT PACKING pc=0x0000000002dad7e4 sp=0x000000002ab6c7d0
Event: 38.951 Thread 0x000000002c12d000 DEOPT UNPACKING pc=0x000000000255556a sp=0x000000002ab6c778 mode 2
Event: 38.951 Thread 0x000000002c12d000 Uncommon trap: trap_request=0xffffffde fr.pc=0x0000000002da4710
Event: 38.951 Thread 0x000000002c12d000 DEOPT PACKING pc=0x0000000002da4710 sp=0x000000002ab6c6c0
Event: 38.951 Thread 0x000000002c12d000 DEOPT UNPACKING pc=0x000000000255556a sp=0x000000002ab6c628 mode 2
Event: 38.951 Thread 0x000000002c12d000 Uncommon trap: trap_request=0xffffffad fr.pc=0x0000000002da47c8
Event: 38.951 Thread 0x000000002c12d000 DEOPT PACKING pc=0x0000000002da47c8 sp=0x000000002ab6c6c0
Event: 38.951 Thread 0x000000002c12d000 DEOPT UNPACKING pc=0x000000000255556a sp=0x000000002ab6c690 mode 2
Event: 38.952 Executing VM operation: ParallelGCSystemGC


Dynamic libraries:
0x00007ff732520000 - 0x00007ff732554000 	C:\Program Files\Java\jdk1.8.0_31\bin\java.exe
0x00007ffb7fd30000 - 0x00007ffb7fed6000 	C:\Windows\SYSTEM32\ntdll.dll
0x00007ffb7f4d0000 - 0x00007ffb7f60a000 	C:\Windows\system32\KERNEL32.DLL
0x00007ffb7d210000 - 0x00007ffb7d31f000 	C:\Windows\system32\KERNELBASE.dll
0x00007ffb7bc10000 - 0x00007ffb7bc98000 	C:\Windows\system32\apphelp.dll
0x00007ffb60e00000 - 0x00007ffb60e4f000 	C:\Windows\AppPatch\AppPatch64\AcGenral.DLL
0x00007ffb7fa70000 - 0x00007ffb7fb17000 	C:\Windows\system32\msvcrt.dll
0x00007ffb7ce80000 - 0x00007ffb7ceab000 	C:\Windows\SYSTEM32\SspiCli.dll
0x00007ffb7d5b0000 - 0x00007ffb7d601000 	C:\Windows\system32\SHLWAPI.dll
0x00007ffb7f850000 - 0x00007ffb7f9c1000 	C:\Windows\system32\USER32.dll
0x00007ffb7fb20000 - 0x00007ffb7fc98000 	C:\Windows\system32\ole32.dll
0x00007ffb7dd50000 - 0x00007ffb7f15f000 	C:\Windows\system32\SHELL32.dll
0x00007ffb7c9a0000 - 0x00007ffb7c9be000 	C:\Windows\SYSTEM32\USERENV.dll
0x00007ffb7dad0000 - 0x00007ffb7db75000 	C:\Windows\system32\ADVAPI32.dll
0x00007ffb76400000 - 0x00007ffb7641b000 	C:\Windows\SYSTEM32\MPR.dll
0x00007ffb7f170000 - 0x00007ffb7f2a7000 	C:\Windows\system32\RPCRT4.dll
0x00007ffb7fcc0000 - 0x00007ffb7fd17000 	C:\Windows\SYSTEM32\sechost.dll
0x00007ffb7f670000 - 0x00007ffb7f846000 	C:\Windows\SYSTEM32\combase.dll
0x00007ffb7db90000 - 0x00007ffb7dcd4000 	C:\Windows\system32\GDI32.dll
0x00007ffb7d0a0000 - 0x00007ffb7d0b4000 	C:\Windows\SYSTEM32\profapi.dll
0x00007ffb7b860000 - 0x00007ffb7b8ff000 	C:\Windows\SYSTEM32\SHCORE.dll
0x00007ffb7f2b0000 - 0x00007ffb7f2e4000 	C:\Windows\system32\IMM32.DLL
0x00007ffb7d610000 - 0x00007ffb7d749000 	C:\Windows\system32\MSCTF.dll
0x00007ffb7afe0000 - 0x00007ffb7b23a000 	C:\Windows\WinSxS\amd64_microsoft.windows.common-controls_6595b64144ccf1df_6.0.9600.17031_none_6242a4b3ecbb55a1\COMCTL32.dll
0x000000006ce30000 - 0x000000006cf02000 	C:\Program Files\Java\jdk1.8.0_31\jre\bin\msvcr100.dll
0x000000006cf10000 - 0x000000006d76a000 	C:\Program Files\Java\jdk1.8.0_31\jre\bin\server\jvm.dll
0x00007ffb784f0000 - 0x00007ffb784f9000 	C:\Windows\SYSTEM32\WSOCK32.dll
0x00007ffb7bbf0000 - 0x00007ffb7bc0f000 	C:\Windows\SYSTEM32\WINMM.dll
0x00007ffb7fd20000 - 0x00007ffb7fd27000 	C:\Windows\system32\PSAPI.DLL
0x00007ffb7d750000 - 0x00007ffb7d7a8000 	C:\Windows\system32\WS2_32.dll
0x00007ffb7b3f0000 - 0x00007ffb7b41a000 	C:\Windows\SYSTEM32\WINMMBASE.dll
0x00007ffb7f160000 - 0x00007ffb7f169000 	C:\Windows\system32\NSI.dll
0x00007ffb7d170000 - 0x00007ffb7d1ba000 	C:\Windows\SYSTEM32\cfgmgr32.dll
0x00007ffb7bf10000 - 0x00007ffb7bf36000 	C:\Windows\SYSTEM32\DEVOBJ.dll
0x000000006cde0000 - 0x000000006cdef000 	C:\Program Files\Java\jdk1.8.0_31\jre\bin\verify.dll
0x000000006cdb0000 - 0x000000006cdd8000 	C:\Program Files\Java\jdk1.8.0_31\jre\bin\java.dll
0x000000006cd90000 - 0x000000006cda6000 	C:\Program Files\Java\jdk1.8.0_31\jre\bin\zip.dll
0x000000006cbb0000 - 0x000000006cd48000 	C:\Program Files\Java\jdk1.8.0_31\jre\bin\awt.dll
0x00007ffb7d7b0000 - 0x00007ffb7d871000 	C:\Windows\system32\OLEAUT32.dll
0x00007ffb7bd90000 - 0x00007ffb7beb1000 	C:\Windows\system32\uxtheme.dll
0x00007ffb7b480000 - 0x00007ffb7b4a0000 	C:\Windows\system32\dwmapi.dll
0x00007ffb7bd80000 - 0x00007ffb7bd8a000 	C:\Windows\SYSTEM32\kernel.appcore.dll
0x00007ffb7cf10000 - 0x00007ffb7cf1a000 	C:\Windows\SYSTEM32\CRYPTBASE.dll
0x00007ffb7ceb0000 - 0x00007ffb7cf10000 	C:\Windows\SYSTEM32\bcryptPrimitives.dll
0x00007ffb6ff30000 - 0x00007ffb70138000 	C:\Windows\system32\d3d9.dll
0x00007ffb7abd0000 - 0x00007ffb7abda000 	C:\Windows\SYSTEM32\VERSION.dll
0x00007ffb572f0000 - 0x00007ffb581e9000 	C:\Windows\SYSTEM32\nvd3dumx.dll
0x00007ffb782f0000 - 0x00007ffb784b3000 	C:\Windows\system32\nvspcap64.dll
0x00007ffb7f2f0000 - 0x00007ffb7f4c4000 	C:\Windows\system32\SETUPAPI.dll
0x00007ffb78220000 - 0x00007ffb782e5000 	C:\Windows\SYSTEM32\WINHTTP.dll
0x00007ffb788f0000 - 0x00007ffb78c83000 	C:\Windows\system32\nvapi64.dll
0x000000006cd70000 - 0x000000006cd8a000 	C:\Program Files\Java\jdk1.8.0_31\jre\bin\net.dll
0x00007ffb7c840000 - 0x00007ffb7c898000 	C:\Windows\system32\mswsock.dll
0x00007ffb7c660000 - 0x00007ffb7c703000 	C:\Windows\SYSTEM32\DNSAPI.dll
0x00007ffb71060000 - 0x00007ffb71069000 	C:\Windows\System32\rasadhlp.dll
0x00007ffb7bcc0000 - 0x00007ffb7bce9000 	C:\Windows\SYSTEM32\IPHLPAPI.DLL
0x00007ffb7b930000 - 0x00007ffb7b93a000 	C:\Windows\SYSTEM32\WINNSI.DLL
0x00007ffb749f0000 - 0x00007ffb74a58000 	C:\Windows\System32\fwpuclnt.dll
0x00007ffb79820000 - 0x00007ffb79900000 	C:\Program Files (x86)\NVIDIA Corporation\3D Vision\nvSCPAPI64.dll
0x00007ffb7d040000 - 0x00007ffb7d085000 	C:\Windows\system32\powrprof.dll
0x000000006cb60000 - 0x000000006cba7000 	C:\Program Files\Java\jdk1.8.0_31\jre\bin\fontmanager.dll
0x000000006cd50000 - 0x000000006cd61000 	C:\Program Files\Java\jdk1.8.0_31\jre\bin\nio.dll
0x000000006b4e0000 - 0x000000006b511000 	C:\Program Files\Java\jdk1.8.0_31\jre\bin\jpeg.dll
0x000000006cb10000 - 0x000000006cb51000 	C:\Program Files\Java\jdk1.8.0_31\jre\bin\t2k.dll
0x000000006cad0000 - 0x000000006cafa000 	C:\Program Files\Java\jdk1.8.0_31\jre\bin\dcpr.dll
0x00007ffb7ca50000 - 0x00007ffb7ca6e000 	C:\Windows\SYSTEM32\CRYPTSP.dll
0x00007ffb7c550000 - 0x00007ffb7c585000 	C:\Windows\system32\rsaenh.dll
0x00007ffb7cb40000 - 0x00007ffb7cb66000 	C:\Windows\SYSTEM32\bcrypt.dll
0x00007ffb78070000 - 0x00007ffb78084000 	C:\Windows\SYSTEM32\dhcpcsvc6.DLL
0x00007ffb77f70000 - 0x00007ffb77f89000 	C:\Windows\SYSTEM32\dhcpcsvc.DLL
0x00007ffb61110000 - 0x00007ffb61147000 	C:\Users\Robert\AppData\Local\Temp\jna-Robert\jna4114291768628281098.dll
0x000000006b4b0000 - 0x000000006b4de000 	E:\Documents\NetBeansProjects\Raspi-Media-Center\RaspiMediaCenter\VLC\libvlc.dll
0x000000006b200000 - 0x000000006b4ad000 	E:\Documents\NetBeansProjects\Raspi-Media-Center\RaspiMediaCenter\VLC\libvlccore.dll
0x000000006b150000 - 0x000000006b1f2000 	E:\Documents\NetBeansProjects\Raspi-Media-Center\RaspiMediaCenter\VLC\plugins\access\libdshow_plugin.dll
0x000000006b130000 - 0x000000006b144000 	E:\Documents\NetBeansProjects\Raspi-Media-Center\RaspiMediaCenter\VLC\plugins\audio_output\libdirectsound_plugin.dll
0x000000006b110000 - 0x000000006b123000 	E:\Documents\NetBeansProjects\Raspi-Media-Center\RaspiMediaCenter\VLC\plugins\audio_output\libwaveout_plugin.dll
0x000000006b0f0000 - 0x000000006b10f000 	E:\Documents\NetBeansProjects\Raspi-Media-Center\RaspiMediaCenter\VLC\plugins\video_output\libdirect3d_plugin.dll
0x000000006b0d0000 - 0x000000006b0ed000 	E:\Documents\NetBeansProjects\Raspi-Media-Center\RaspiMediaCenter\VLC\plugins\video_output\libdirectdraw_plugin.dll
0x00007ffb5e240000 - 0x00007ffb5e2c7000 	C:\Windows\SYSTEM32\DSOUND.DLL
0x00007ffb7d880000 - 0x00007ffb7d924000 	C:\Windows\SYSTEM32\clbcatq.dll
0x00007ffb79ab0000 - 0x00007ffb79b12000 	C:\Windows\System32\MMDevApi.dll
0x000000006b0c0000 - 0x000000006b0c7000 	C:\Program Files\Java\jdk1.8.0_31\jre\bin\jawt.dll
0x000000006ae40000 - 0x000000006b0b3000 	E:\Documents\NetBeansProjects\Raspi-Media-Center\RaspiMediaCenter\VLC\plugins\access\liblibbluray_plugin.dll
0x000000006ae10000 - 0x000000006ae36000 	E:\Documents\NetBeansProjects\Raspi-Media-Center\RaspiMediaCenter\VLC\plugins\access\libaccess_bd_plugin.dll
0x000000006adc0000 - 0x000000006ae0b000 	E:\Documents\NetBeansProjects\Raspi-Media-Center\RaspiMediaCenter\VLC\plugins\access\libdvdnav_plugin.dll
0x000000006ada0000 - 0x000000006adbf000 	E:\Documents\NetBeansProjects\Raspi-Media-Center\RaspiMediaCenter\VLC\plugins\access\libvdr_plugin.dll
0x000000006ad80000 - 0x000000006ad98000 	E:\Documents\NetBeansProjects\Raspi-Media-Center\RaspiMediaCenter\VLC\plugins\access\libfilesystem_plugin.dll
0x000000006ad60000 - 0x000000006ad7b000 	E:\Documents\NetBeansProjects\Raspi-Media-Center\RaspiMediaCenter\VLC\plugins\stream_filter\libsmooth_plugin.dll
0x000000006acb0000 - 0x000000006ad5f000 	E:\Documents\NetBeansProjects\Raspi-Media-Center\RaspiMediaCenter\VLC\plugins\stream_filter\libhttplive_plugin.dll
0x000000006abd0000 - 0x000000006aca4000 	E:\Documents\NetBeansProjects\Raspi-Media-Center\RaspiMediaCenter\VLC\plugins\stream_filter\libdash_plugin.dll
0x000000006aba0000 - 0x000000006abcb000 	E:\Documents\NetBeansProjects\Raspi-Media-Center\RaspiMediaCenter\VLC\plugins\access\libzip_plugin.dll
0x000000006ab80000 - 0x000000006ab96000 	E:\Documents\NetBeansProjects\Raspi-Media-Center\RaspiMediaCenter\VLC\plugins\access\librar_plugin.dll
0x000000006ab70000 - 0x000000006ab7f000 	E:\Documents\NetBeansProjects\Raspi-Media-Center\RaspiMediaCenter\VLC\plugins\stream_filter\librecord_plugin.dll
0x000000006ab40000 - 0x000000006ab64000 	E:\Documents\NetBeansProjects\Raspi-Media-Center\RaspiMediaCenter\VLC\plugins\demux\libavi_plugin.dll
0x000000006aae0000 - 0x000000006ab39000 	E:\Documents\NetBeansProjects\Raspi-Media-Center\RaspiMediaCenter\VLC\plugins\codec\libjpeg_plugin.dll
0x000000006aac0000 - 0x000000006aad1000 	E:\Documents\NetBeansProjects\Raspi-Media-Center\RaspiMediaCenter\VLC\plugins\codec\libcdg_plugin.dll
0x000000006aa60000 - 0x000000006aabc000 	E:\Documents\NetBeansProjects\Raspi-Media-Center\RaspiMediaCenter\VLC\plugins\codec\libpng_plugin.dll
0x000000006a8e0000 - 0x000000006aa5b000 	E:\Documents\NetBeansProjects\Raspi-Media-Center\RaspiMediaCenter\VLC\plugins\codec\libschroedinger_plugin.dll
0x000000006a800000 - 0x000000006a8d5000 	E:\Documents\NetBeansProjects\Raspi-Media-Center\RaspiMediaCenter\VLC\plugins\codec\libvorbis_plugin.dll
0x000000006a7a0000 - 0x000000006a7fa000 	E:\Documents\NetBeansProjects\Raspi-Media-Center\RaspiMediaCenter\VLC\plugins\codec\libtheora_plugin.dll
0x000000006a780000 - 0x000000006a791000 	E:\Documents\NetBeansProjects\Raspi-Media-Center\RaspiMediaCenter\VLC\plugins\codec\libdts_plugin.dll
0x000000006a760000 - 0x000000006a775000 	E:\Documents\NetBeansProjects\Raspi-Media-Center\RaspiMediaCenter\VLC\plugins\codec\libaraw_plugin.dll
0x000000006a740000 - 0x000000006a757000 	E:\Documents\NetBeansProjects\Raspi-Media-Center\RaspiMediaCenter\VLC\plugins\codec\libsubstx3g_plugin.dll
0x000000006a6c0000 - 0x000000006a734000 	E:\Documents\NetBeansProjects\Raspi-Media-Center\RaspiMediaCenter\VLC\plugins\codec\libflac_plugin.dll
0x000000006a6a0000 - 0x000000006a6b3000 	E:\Documents\NetBeansProjects\Raspi-Media-Center\RaspiMediaCenter\VLC\plugins\codec\libg711_plugin.dll
0x000000006a690000 - 0x000000006a6a0000 	E:\Documents\NetBeansProjects\Raspi-Media-Center\RaspiMediaCenter\VLC\plugins\codec\libaes3_plugin.dll
0x000000006a650000 - 0x000000006a689000 	E:\Documents\NetBeansProjects\Raspi-Media-Center\RaspiMediaCenter\VLC\plugins\codec\libspeex_plugin.dll
0x000000006a360000 - 0x000000006a649000 	E:\Documents\NetBeansProjects\Raspi-Media-Center\RaspiMediaCenter\VLC\plugins\codec\liblibass_plugin.dll
0x000000006a2f0000 - 0x000000006a35f000 	E:\Documents\NetBeansProjects\Raspi-Media-Center\RaspiMediaCenter\VLC\plugins\codec\libfaad_plugin.dll
0x000000006a2d0000 - 0x000000006a2e1000 	E:\Documents\NetBeansProjects\Raspi-Media-Center\RaspiMediaCenter\VLC\plugins\codec\liba52_plugin.dll
0x000000006a2c0000 - 0x000000006a2d0000 	E:\Documents\NetBeansProjects\Raspi-Media-Center\RaspiMediaCenter\VLC\plugins\codec\libmpeg_audio_plugin.dll
0x000000006a2a0000 - 0x000000006a2b1000 	E:\Documents\NetBeansProjects\Raspi-Media-Center\RaspiMediaCenter\VLC\plugins\codec\liblpcm_plugin.dll
0x000000006a220000 - 0x000000006a297000 	E:\Documents\NetBeansProjects\Raspi-Media-Center\RaspiMediaCenter\VLC\plugins\codec\libopus_plugin.dll
0x000000006a1f0000 - 0x000000006a219000 	E:\Documents\NetBeansProjects\Raspi-Media-Center\RaspiMediaCenter\VLC\plugins\codec\libdvbsub_plugin.dll
0x000000006a1d0000 - 0x000000006a1e1000 	E:\Documents\NetBeansProjects\Raspi-Media-Center\RaspiMediaCenter\VLC\plugins\codec\libspudec_plugin.dll
0x0000000068bf0000 - 0x000000006a1c9000 	E:\Documents\NetBeansProjects\Raspi-Media-Center\RaspiMediaCenter\VLC\plugins\codec\libavcodec_plugin.dll
0x0000000068a50000 - 0x0000000068be1000 	E:\Documents\NetBeansProjects\Raspi-Media-Center\RaspiMediaCenter\VLC\plugins\meta_engine\libtaglib_plugin.dll
0x00000000689f0000 - 0x0000000068a4c000 	E:\Documents\NetBeansProjects\Raspi-Media-Center\RaspiMediaCenter\VLC\plugins\lua\liblua_plugin.dll
0x0000000068900000 - 0x00000000689e8000 	E:\Documents\NetBeansProjects\Raspi-Media-Center\RaspiMediaCenter\VLC\plugins\text_renderer\libfreetype_plugin.dll
0x00007ffb672a0000 - 0x00007ffb6731e000 	C:\Windows\SYSTEM32\AUDIOSES.DLL
0x00000000688e0000 - 0x00000000688f5000 	E:\Documents\NetBeansProjects\Raspi-Media-Center\RaspiMediaCenter\VLC\plugins\video_chroma\libi420_yuy2_sse2_plugin.dll
0x00000000688c0000 - 0x00000000688d2000 	E:\Documents\NetBeansProjects\Raspi-Media-Center\RaspiMediaCenter\VLC\plugins\video_chroma\libi420_yuy2_mmx_plugin.dll
0x00000000687e0000 - 0x00000000688bb000 	E:\Documents\NetBeansProjects\Raspi-Media-Center\RaspiMediaCenter\VLC\plugins\video_chroma\libswscale_plugin.dll
0x00000000687c0000 - 0x00000000687d3000 	E:\Documents\NetBeansProjects\Raspi-Media-Center\RaspiMediaCenter\VLC\plugins\video_chroma\libi422_yuy2_sse2_plugin.dll
0x0000000068790000 - 0x00000000687b9000 	E:\Documents\NetBeansProjects\Raspi-Media-Center\RaspiMediaCenter\VLC\plugins\video_chroma\libi420_rgb_sse2_plugin.dll
0x0000000068770000 - 0x0000000068789000 	E:\Documents\NetBeansProjects\Raspi-Media-Center\RaspiMediaCenter\VLC\plugins\video_chroma\libi420_rgb_mmx_plugin.dll
0x0000000068750000 - 0x0000000068761000 	E:\Documents\NetBeansProjects\Raspi-Media-Center\RaspiMediaCenter\VLC\plugins\video_chroma\libi422_yuy2_mmx_plugin.dll
0x0000000068730000 - 0x0000000068744000 	E:\Documents\NetBeansProjects\Raspi-Media-Center\RaspiMediaCenter\VLC\plugins\video_chroma\libyuy2_i422_plugin.dll

VM Arguments:
jvm_args: -Dfile.encoding=UTF-8 
java_command: raspimediacenter.RaspiMediaCenter
java_class_path (initial): E:\Downloads\gson-2.3.jar;E:\Downloads\JARS\jna-3.5.2.jar;E:\Downloads\JARS\platform-3.5.2.jar;E:\Downloads\JARS\slf4j-api-1.7.21.jar;E:\Downloads\JARS\vlcj-3.8.0.jar;E:\Documents\NetBeansProjects\Raspi-Media-Center\RaspiMediaCenter\build\classes
Launcher Type: SUN_STANDARD

Environment Variables:
JAVA_HOME=C:\Program Files\Java\jdk1.8.0_31
PATH=C:\ProgramData\Oracle\Java\javapath;C:\Program Files (x86)\Intel\iCLS Client\;C:\Program Files\Intel\iCLS Client\;C:\Windows\system32;C:\Windows;C:\Windows\System32\Wbem;C:\Windows\System32\WindowsPowerShell\v1.0\;C:\Program Files\Intel\Intel(R) Management Engine Components\DAL;C:\Program Files (x86)\Intel\Intel(R) Management Engine Components\DAL;C:\Program Files\Intel\Intel(R) Management Engine Components\IPT;C:\Program Files (x86)\Intel\Intel(R) Management Engine Components\IPT;C:\Program Files\Microsoft SQL Server\110\Tools\Binn\;C:\Program Files (x86)\Windows Kits\8.1\Windows Performance Toolkit\;C:\Program Files (x86)\Microsoft SDKs\TypeScript\1.0\;C:\Program Files (x86)\Skype\Phone\;C:\Program Files (x86)\NVIDIA Corporation\PhysX\Common;D:\Program Files (x86)\QuickTime\QTSystem\;D:\Program Files (x86)\Brackets\command
USERNAME=Robert
OS=Windows_NT
PROCESSOR_IDENTIFIER=Intel64 Family 6 Model 60 Stepping 3, GenuineIntel



---------------  S Y S T E M  ---------------

OS: Windows 8.1 , 64 bit Build 9600 

CPU:total 8 (4 cores per cpu, 2 threads per core) family 6 model 60 stepping 3, cmov, cx8, fxsr, mmx, sse, sse2, sse3, ssse3, sse4.1, sse4.2, popcnt, avx, avx2, aes, clmul, erms, rtm, lzcnt, ht, tsc, tscinvbit, bmi1, bmi2

Memory: 4k page, physical 33494268k(28077196k free), swap 38475004k(31847092k free)

vm_info: Java HotSpot(TM) 64-Bit Server VM (25.31-b07) for windows-amd64 JRE (1.8.0_31-b13), built on Dec 17 2014 21:00:28 by "java_re" with MS VC++ 10.0 (VS2010)

time: Tue May 24 23:10:49 2016
elapsed time: 38 seconds (0d 0h 0m 38s)

