#
# A fatal error has been detected by the Java Runtime Environment:
#
#  EXCEPTION_ACCESS_VIOLATION (0xc0000005) at pc=0x00007ffb7fd69a7a, pid=2268, tid=3732
#
# JRE version: Java(TM) SE Runtime Environment (8.0_31-b13) (build 1.8.0_31-b13)
# Java VM: Java HotSpot(TM) 64-Bit Server VM (25.31-b07 mixed mode windows-amd64 compressed oops)
# Problematic frame:
# C  [ntdll.dll+0x39a7a]
#
# Failed to write core dump. Minidumps are not enabled by default on client versions of Windows
#
# If you would like to submit a bug report, please visit:
#   http://bugreport.java.com/bugreport/crash.jsp
# The crash happened outside the Java Virtual Machine in native code.
# See problematic frame for where to report the bug.
#

---------------  T H R E A D  ---------------

Current thread (0x000000002d1b4800):  JavaThread "AWT-EventQueue-0" [_thread_in_native, id=3732, stack(0x000000002ac10000,0x000000002ad10000)]

siginfo: ExceptionCode=0xc0000005, writing address 0x0000000000000024

Registers:
RAX=0x0000000000000000, RBX=0x00000000312a1fe8, RCX=0x00000000fffffffc, RDX=0x0000000000000618
RSP=0x000000002ad0c0b0, RBP=0x00007ff7320c8000, RSI=0x0000000000000618, RDI=0x0000000000000000
R8 =0xffffffffffffffff, R9 =0x00007ff7320c8000, R10=0x0000000000000000, R11=0x0000000000000246
R12=0x0000000000000000, R13=0x0000000000000000, R14=0x0000000000000000, R15=0x0000000000000000
RIP=0x00007ffb7fd69a7a, EFLAGS=0x0000000000010213

Top of Stack: (sp=0x000000002ad0c0b0)
0x000000002ad0c0b0:   0000000000000618 000000006cff88e1
0x000000002ad0c0c0:   0000000000f902f8 00000000000000f6
0x000000002ad0c0d0:   000000002d1b4800 000000006cf82c0d
0x000000002ad0c0e0:   0000000028ed5230 000000006d10e855
0x000000002ad0c0f0:   0000000000000000 00000007c0006670
0x000000002ad0c100:   0000000000000010 000000002ad0c248
0x000000002ad0c110:   000000002d1b4800 000000006cff88e1
0x000000002ad0c120:   00000007c00192c8 000000002ad0c850
0x000000002ad0c130:   00001c4f5b9f2005 000000002ad0c850
0x000000002ad0c140:   0000000000000004 0000000000000001
0x000000002ad0c150:   00000000313401f0 000000007ffe0372
0x000000002ad0c160:   0000000000000000 0000000000000000
0x000000002ad0c170:   00007ff7320c8000 00007ffb7fd68374
0x000000002ad0c180:   000000002d1b4800 00007ffb709811bb
0x000000002ad0c190:   00000000312a1fe8 0000000000f90000
0x000000002ad0c1a0:   0000000000000000 00000000312a1fe0 

Instructions: (pc=0x00007ffb7fd69a7a)
0x00007ffb7fd69a5a:   a8 01 0f 85 e0 00 00 00 8b c8 41 2b ce f0 0f b1
0x00007ffb7fd69a6a:   4b 08 75 e9 48 8b 03 45 33 f6 48 83 f8 ff 74 03
0x00007ffb7fd69a7a:   ff 40 24 41 bf 82 03 fe 7f 41 8a 0f 84 c9 0f 85
0x00007ffb7fd69a8a:   8c 35 07 00 48 83 fe ff 0f 84 e1 35 07 00 4c 8b 


Register to memory mapping:

RAX=0x0000000000000000 is an unknown value
RBX=0x00000000312a1fe8 is an unknown value
RCX=0x00000000fffffffc is an unknown value
RDX=0x0000000000000618 is an unknown value
RSP=0x000000002ad0c0b0 is pointing into the stack for thread: 0x000000002d1b4800
RBP=0x00007ff7320c8000 is an unknown value
RSI=0x0000000000000618 is an unknown value
RDI=0x0000000000000000 is an unknown value
R8 =0xffffffffffffffff is an unknown value
R9 =0x00007ff7320c8000 is an unknown value
R10=0x0000000000000000 is an unknown value
R11=0x0000000000000246 is an unknown value
R12=0x0000000000000000 is an unknown value
R13=0x0000000000000000 is an unknown value
R14=0x0000000000000000 is an unknown value
R15=0x0000000000000000 is an unknown value


Stack: [0x000000002ac10000,0x000000002ad10000],  sp=0x000000002ad0c0b0,  free space=1008k
Native frames: (J=compiled Java code, j=interpreted, Vv=VM code, C=native code)
C  [ntdll.dll+0x39a7a]
C  [ntdll.dll+0x38374]
C  [libvlc.dll+0xde3d]
C  [jna2120783141777606949.dll+0x176f3]
C  [jna2120783141777606949.dll+0xffe7]
C  [jna2120783141777606949.dll+0x3d1a]
C  [jna2120783141777606949.dll+0x4ef7]
C  0x0000000002845b74

Java frames: (J=compiled Java code, j=interpreted, Vv=VM code)
j  com.sun.jna.Native.invokeVoid(JI[Ljava/lang/Object;)V+0
j  com.sun.jna.Function.invoke([Ljava/lang/Object;Ljava/lang/Class;Z)Ljava/lang/Object;+48
j  com.sun.jna.Function.invoke(Ljava/lang/Class;[Ljava/lang/Object;Ljava/util/Map;)Ljava/lang/Object;+214
j  com.sun.jna.Library$Handler.invoke(Ljava/lang/Object;Ljava/lang/reflect/Method;[Ljava/lang/Object;)Ljava/lang/Object;+341
j  com.sun.proxy.$Proxy0.libvlc_media_player_stop(Luk/co/caprica/vlcj/binding/internal/libvlc_media_player_t;)V+16
j  uk.co.caprica.vlcj.player.DefaultMediaPlayer.stop()V+19
j  raspimediacenter.Logic.Players.EmbeddedVideoPlayer.stop()V+4
j  raspimediacenter.GUI.Scenes.VideoPlayerScene.unloadScene()V+4
j  raspimediacenter.GUI.SceneManager.unloadCurrentScene()V+9
j  raspimediacenter.GUI.SceneManager.loadScene(Lraspimediacenter/GUI/Scenes/Scene;)V+0
j  raspimediacenter.GUI.SceneManager.loadPreviousScene()V+3
j  raspimediacenter.GUI.Components.Video.VideoPlayer.Buttons.StopButton.performAction()V+9
j  raspimediacenter.GUI.Components.Video.VideoPlayer.VideoPlayerMenu.clickedButton()V+4
j  raspimediacenter.GUI.GUI.lambda$addGlobalKeyListener$0(Ljava/awt/AWTEvent;)V+126
j  raspimediacenter.GUI.GUI$$Lambda$15.eventDispatched(Ljava/awt/AWTEvent;)V+5
j  java.awt.Toolkit$SelectiveAWTEventListener.eventDispatched(Ljava/awt/AWTEvent;)V+733
j  java.awt.Toolkit$ToolkitEventMulticaster.eventDispatched(Ljava/awt/AWTEvent;)V+8
j  java.awt.Toolkit$ToolkitEventMulticaster.eventDispatched(Ljava/awt/AWTEvent;)V+8
j  java.awt.Toolkit$ToolkitEventMulticaster.eventDispatched(Ljava/awt/AWTEvent;)V+8
j  java.awt.Toolkit.notifyAWTEventListeners(Ljava/awt/AWTEvent;)V+30
j  java.awt.Component.dispatchEventImpl(Ljava/awt/AWTEvent;)V+257
j  java.awt.Container.dispatchEventImpl(Ljava/awt/AWTEvent;)V+42
j  java.awt.Window.dispatchEventImpl(Ljava/awt/AWTEvent;)V+19
j  java.awt.Component.dispatchEvent(Ljava/awt/AWTEvent;)V+2
j  java.awt.KeyboardFocusManager.redispatchEvent(Ljava/awt/Component;Ljava/awt/AWTEvent;)V+7
j  java.awt.DefaultKeyboardFocusManager.dispatchKeyEvent(Ljava/awt/event/KeyEvent;)Z+63
j  java.awt.DefaultKeyboardFocusManager.preDispatchKeyEvent(Ljava/awt/event/KeyEvent;)Z+137
j  java.awt.DefaultKeyboardFocusManager.typeAheadAssertions(Ljava/awt/Component;Ljava/awt/AWTEvent;)Z+166
j  java.awt.DefaultKeyboardFocusManager.dispatchEvent(Ljava/awt/AWTEvent;)Z+1581
j  java.awt.Component.dispatchEventImpl(Ljava/awt/AWTEvent;)V+151
j  java.awt.Container.dispatchEventImpl(Ljava/awt/AWTEvent;)V+42
j  java.awt.Window.dispatchEventImpl(Ljava/awt/AWTEvent;)V+19
j  java.awt.Component.dispatchEvent(Ljava/awt/AWTEvent;)V+2
j  java.awt.EventQueue.dispatchEventImpl(Ljava/awt/AWTEvent;Ljava/lang/Object;)V+41
j  java.awt.EventQueue.access$500(Ljava/awt/EventQueue;Ljava/awt/AWTEvent;Ljava/lang/Object;)V+3
j  java.awt.EventQueue$3.run()Ljava/lang/Void;+32
j  java.awt.EventQueue$3.run()Ljava/lang/Object;+1
v  ~StubRoutines::call_stub
j  java.security.AccessController.doPrivileged(Ljava/security/PrivilegedAction;Ljava/security/AccessControlContext;)Ljava/lang/Object;+0
j  java.security.ProtectionDomain$1.doIntersectionPrivilege(Ljava/security/PrivilegedAction;Ljava/security/AccessControlContext;Ljava/security/AccessControlContext;)Ljava/lang/Object;+28
j  java.security.ProtectionDomain$1.doIntersectionPrivilege(Ljava/security/PrivilegedAction;Ljava/security/AccessControlContext;)Ljava/lang/Object;+6
j  java.awt.EventQueue$4.run()Ljava/lang/Void;+11
j  java.awt.EventQueue$4.run()Ljava/lang/Object;+1
v  ~StubRoutines::call_stub
j  java.security.AccessController.doPrivileged(Ljava/security/PrivilegedAction;Ljava/security/AccessControlContext;)Ljava/lang/Object;+0
j  java.security.ProtectionDomain$1.doIntersectionPrivilege(Ljava/security/PrivilegedAction;Ljava/security/AccessControlContext;Ljava/security/AccessControlContext;)Ljava/lang/Object;+28
j  java.awt.EventQueue.dispatchEvent(Ljava/awt/AWTEvent;)V+73
j  java.awt.EventDispatchThread.pumpOneEventForFilters(I)V+245
j  java.awt.EventDispatchThread.pumpEventsForFilter(ILjava/awt/Conditional;Ljava/awt/EventFilter;)V+35
j  java.awt.EventDispatchThread.pumpEventsForHierarchy(ILjava/awt/Conditional;Ljava/awt/Component;)V+11
j  java.awt.EventDispatchThread.pumpEvents(ILjava/awt/Conditional;)V+4
j  java.awt.EventDispatchThread.pumpEvents(Ljava/awt/Conditional;)V+3
j  java.awt.EventDispatchThread.run()V+9
v  ~StubRoutines::call_stub

---------------  P R O C E S S  ---------------

Java Threads: ( => current thread )
  0x000000002918a000 JavaThread "D3D Screen Updater" daemon [_thread_blocked, id=8580, stack(0x0000000031a90000,0x0000000031b90000)]
  0x0000000029188000 JavaThread "Thread-3" [_thread_blocked, id=2092, stack(0x0000000031990000,0x0000000031a90000)]
  0x000000002e64c000 JavaThread "TimerQueue" daemon [_thread_blocked, id=7084, stack(0x000000002f200000,0x000000002f300000)]
  0x0000000002730800 JavaThread "DestroyJavaVM" [_thread_blocked, id=8892, stack(0x0000000002630000,0x0000000002730000)]
=>0x000000002d1b4800 JavaThread "AWT-EventQueue-0" [_thread_in_native, id=3732, stack(0x000000002ac10000,0x000000002ad10000)]
  0x0000000027c5d800 JavaThread "AWT-Windows" daemon [_thread_in_native, id=1144, stack(0x0000000028a20000,0x0000000028b20000)]
  0x0000000027c5a800 JavaThread "AWT-Shutdown" [_thread_blocked, id=1588, stack(0x0000000028920000,0x0000000028a20000)]
  0x0000000027c57800 JavaThread "Java2D Disposer" daemon [_thread_blocked, id=7440, stack(0x0000000028820000,0x0000000028920000)]
  0x000000002793f800 JavaThread "Service Thread" daemon [_thread_blocked, id=8412, stack(0x0000000028290000,0x0000000028390000)]
  0x00000000278c8800 JavaThread "C1 CompilerThread3" daemon [_thread_blocked, id=6432, stack(0x0000000028190000,0x0000000028290000)]
  0x00000000278c3800 JavaThread "C2 CompilerThread2" daemon [_thread_blocked, id=4584, stack(0x0000000028090000,0x0000000028190000)]
  0x00000000278ba800 JavaThread "C2 CompilerThread1" daemon [_thread_blocked, id=8888, stack(0x0000000027f90000,0x0000000028090000)]
  0x00000000278b7000 JavaThread "C2 CompilerThread0" daemon [_thread_blocked, id=6760, stack(0x0000000027e90000,0x0000000027f90000)]
  0x00000000278b5000 JavaThread "Attach Listener" daemon [_thread_blocked, id=8508, stack(0x0000000027d90000,0x0000000027e90000)]
  0x00000000278b4800 JavaThread "Signal Dispatcher" daemon [_thread_blocked, id=3032, stack(0x0000000027c90000,0x0000000027d90000)]
  0x0000000002827800 JavaThread "Finalizer" daemon [_thread_blocked, id=8720, stack(0x0000000027790000,0x0000000027890000)]
  0x0000000002821000 JavaThread "Reference Handler" daemon [_thread_blocked, id=4140, stack(0x0000000027690000,0x0000000027790000)]

Other Threads:
  0x00000000258b8800 VMThread [stack: 0x0000000027590000,0x0000000027690000] [id=8636]
  0x0000000027942000 WatcherThread [stack: 0x0000000028390000,0x0000000028490000] [id=4704]

VM state:not at safepoint (normal execution)

VM Mutex/Monitor currently owned by a thread: None

Heap:
 PSYoungGen      total 284672K, used 130731K [0x0000000715a00000, 0x0000000728500000, 0x00000007c0000000)
  eden space 263168K, 49% used [0x0000000715a00000,0x000000071d9aad40,0x0000000725b00000)
  from space 21504K, 0% used [0x0000000725b00000,0x0000000725b00000,0x0000000727000000)
  to   space 21504K, 0% used [0x0000000727000000,0x0000000727000000,0x0000000728500000)
 ParOldGen       total 349696K, used 4031K [0x00000005c0e00000, 0x00000005d6380000, 0x0000000715a00000)
  object space 349696K, 1% used [0x00000005c0e00000,0x00000005c11efdf8,0x00000005d6380000)
 Metaspace       used 13873K, capacity 14116K, committed 14336K, reserved 1062912K
  class space    used 1639K, capacity 1715K, committed 1792K, reserved 1048576K

Card table byte_map: [0x0000000011bf0000,0x0000000012bf0000] byte_map_base: 0x000000000ede9000

Marking Bits: (ParMarkBitMap*) 0x000000006d6ed4f0
 Begin Bits: [0x0000000013ea0000, 0x000000001be68000)
 End Bits:   [0x000000001be68000, 0x0000000023e30000)

Polling page: 0x0000000000f70000

CodeCache: size=245760Kb used=5335Kb max_used=5335Kb free=240424Kb
 bounds [0x0000000002830000, 0x0000000002d70000, 0x0000000011830000]
 total_blobs=2062 nmethods=1553 adapters=422
 compilation: enabled

Compilation events (10 events):
Event: 8.443 Thread 0x00000000278c8800 nmethod 1550 0x0000000002d4ba10 code [0x0000000002d4bb60, 0x0000000002d4bc70]
Event: 8.536 Thread 0x00000000278c8800 1551       1       java.awt.Component::getHeight (5 bytes)
Event: 8.536 Thread 0x00000000278c8800 nmethod 1551 0x0000000002d4b750 code [0x0000000002d4b8a0, 0x0000000002d4b9b0]
Event: 8.685 Thread 0x00000000278b7000 1552       4       java.util.WeakHashMap::get (77 bytes)
Event: 8.688 Thread 0x00000000278b7000 nmethod 1552 0x0000000002d49d10 code [0x0000000002d49e60, 0x0000000002d4a028]
Event: 8.702 Thread 0x00000000278c8800 1553       3       com.sun.jna.Pointer::<init> (10 bytes)
Event: 8.702 Thread 0x00000000278c8800 nmethod 1553 0x0000000002d49910 code [0x0000000002d49a80, 0x0000000002d49c50]
Event: 8.702 Thread 0x00000000278c8800 1554       3       java.lang.reflect.Method::equals (69 bytes)
Event: 8.703 Thread 0x00000000278c8800 nmethod 1554 0x0000000002d4ab10 code [0x0000000002d4aca0, 0x0000000002d4b628]
Event: 8.703 Thread 0x00000000278c8800 1555       3       com.sun.jna.Function::convertArgument (896 bytes)

GC Heap History (10 events):
Event: 2.781 GC heap before
{Heap before GC invocations=5 (full 2):
 PSYoungGen      total 284672K, used 288K [0x0000000715a00000, 0x0000000728500000, 0x00000007c0000000)
  eden space 263168K, 0% used [0x0000000715a00000,0x0000000715a00000,0x0000000725b00000)
  from space 21504K, 1% used [0x0000000725b00000,0x0000000725b48000,0x0000000727000000)
  to   space 21504K, 0% used [0x0000000727000000,0x0000000727000000,0x0000000728500000)
 ParOldGen       total 349696K, used 3925K [0x00000005c0e00000, 0x00000005d6380000, 0x0000000715a00000)
  object space 349696K, 1% used [0x00000005c0e00000,0x00000005c11d54e0,0x00000005d6380000)
 Metaspace       used 11433K, capacity 11582K, committed 11648K, reserved 1058816K
  class space    used 1344K, capacity 1394K, committed 1408K, reserved 1048576K
Event: 2.815 GC heap after
Heap after GC invocations=5 (full 2):
 PSYoungGen      total 284672K, used 0K [0x0000000715a00000, 0x0000000728500000, 0x00000007c0000000)
  eden space 263168K, 0% used [0x0000000715a00000,0x0000000715a00000,0x0000000725b00000)
  from space 21504K, 0% used [0x0000000725b00000,0x0000000725b00000,0x0000000727000000)
  to   space 21504K, 0% used [0x0000000727000000,0x0000000727000000,0x0000000728500000)
 ParOldGen       total 349696K, used 4023K [0x00000005c0e00000, 0x00000005d6380000, 0x0000000715a00000)
  object space 349696K, 1% used [0x00000005c0e00000,0x00000005c11ede50,0x00000005d6380000)
 Metaspace       used 11433K, capacity 11582K, committed 11648K, reserved 1058816K
  class space    used 1344K, capacity 1394K, committed 1408K, reserved 1048576K
}
Event: 2.976 GC heap before
{Heap before GC invocations=6 (full 2):
 PSYoungGen      total 284672K, used 18538K [0x0000000715a00000, 0x0000000728500000, 0x00000007c0000000)
  eden space 263168K, 7% used [0x0000000715a00000,0x0000000716c1a930,0x0000000725b00000)
  from space 21504K, 0% used [0x0000000725b00000,0x0000000725b00000,0x0000000727000000)
  to   space 21504K, 0% used [0x0000000727000000,0x0000000727000000,0x0000000728500000)
 ParOldGen       total 349696K, used 4023K [0x00000005c0e00000, 0x00000005d6380000, 0x0000000715a00000)
  object space 349696K, 1% used [0x00000005c0e00000,0x00000005c11ede50,0x00000005d6380000)
 Metaspace       used 11475K, capacity 11658K, committed 11904K, reserved 1060864K
  class space    used 1347K, capacity 1396K, committed 1408K, reserved 1048576K
Event: 2.976 GC heap after
Heap after GC invocations=6 (full 2):
 PSYoungGen      total 284672K, used 288K [0x0000000715a00000, 0x0000000728500000, 0x00000007c0000000)
  eden space 263168K, 0% used [0x0000000715a00000,0x0000000715a00000,0x0000000725b00000)
  from space 21504K, 1% used [0x0000000727000000,0x0000000727048000,0x0000000728500000)
  to   space 21504K, 0% used [0x0000000725b00000,0x0000000725b00000,0x0000000727000000)
 ParOldGen       total 349696K, used 4031K [0x00000005c0e00000, 0x00000005d6380000, 0x0000000715a00000)
  object space 349696K, 1% used [0x00000005c0e00000,0x00000005c11efe50,0x00000005d6380000)
 Metaspace       used 11475K, capacity 11658K, committed 11904K, reserved 1060864K
  class space    used 1347K, capacity 1396K, committed 1408K, reserved 1048576K
}
Event: 2.976 GC heap before
{Heap before GC invocations=7 (full 3):
 PSYoungGen      total 284672K, used 288K [0x0000000715a00000, 0x0000000728500000, 0x00000007c0000000)
  eden space 263168K, 0% used [0x0000000715a00000,0x0000000715a00000,0x0000000725b00000)
  from space 21504K, 1% used [0x0000000727000000,0x0000000727048000,0x0000000728500000)
  to   space 21504K, 0% used [0x0000000725b00000,0x0000000725b00000,0x0000000727000000)
 ParOldGen       total 349696K, used 4031K [0x00000005c0e00000, 0x00000005d6380000, 0x0000000715a00000)
  object space 349696K, 1% used [0x00000005c0e00000,0x00000005c11efe50,0x00000005d6380000)
 Metaspace       used 11475K, capacity 11658K, committed 11904K, reserved 1060864K
  class space    used 1347K, capacity 1396K, committed 1408K, reserved 1048576K
Event: 2.989 GC heap after
Heap after GC invocations=7 (full 3):
 PSYoungGen      total 284672K, used 0K [0x0000000715a00000, 0x0000000728500000, 0x00000007c0000000)
  eden space 263168K, 0% used [0x0000000715a00000,0x0000000715a00000,0x0000000725b00000)
  from space 21504K, 0% used [0x0000000727000000,0x0000000727000000,0x0000000728500000)
  to   space 21504K, 0% used [0x0000000725b00000,0x0000000725b00000,0x0000000727000000)
 ParOldGen       total 349696K, used 4029K [0x00000005c0e00000, 0x00000005d6380000, 0x0000000715a00000)
  object space 349696K, 1% used [0x00000005c0e00000,0x00000005c11ef4e8,0x00000005d6380000)
 Metaspace       used 11475K, capacity 11658K, committed 11904K, reserved 1060864K
  class space    used 1347K, capacity 1396K, committed 1408K, reserved 1048576K
}
Event: 3.538 GC heap before
{Heap before GC invocations=8 (full 3):
 PSYoungGen      total 284672K, used 10598K [0x0000000715a00000, 0x0000000728500000, 0x00000007c0000000)
  eden space 263168K, 4% used [0x0000000715a00000,0x0000000716459be0,0x0000000725b00000)
  from space 21504K, 0% used [0x0000000727000000,0x0000000727000000,0x0000000728500000)
  to   space 21504K, 0% used [0x0000000725b00000,0x0000000725b00000,0x0000000727000000)
 ParOldGen       total 349696K, used 4029K [0x00000005c0e00000, 0x00000005d6380000, 0x0000000715a00000)
  object space 349696K, 1% used [0x00000005c0e00000,0x00000005c11ef4e8,0x00000005d6380000)
 Metaspace       used 11504K, capacity 11658K, committed 11904K, reserved 1060864K
  class space    used 1347K, capacity 1396K, committed 1408K, reserved 1048576K
Event: 3.538 GC heap after
Heap after GC invocations=8 (full 3):
 PSYoungGen      total 284672K, used 288K [0x0000000715a00000, 0x0000000728500000, 0x00000007c0000000)
  eden space 263168K, 0% used [0x0000000715a00000,0x0000000715a00000,0x0000000725b00000)
  from space 21504K, 1% used [0x0000000725b00000,0x0000000725b48000,0x0000000727000000)
  to   space 21504K, 0% used [0x0000000727000000,0x0000000727000000,0x0000000728500000)
 ParOldGen       total 349696K, used 4029K [0x00000005c0e00000, 0x00000005d6380000, 0x0000000715a00000)
  object space 349696K, 1% used [0x00000005c0e00000,0x00000005c11ef4e8,0x00000005d6380000)
 Metaspace       used 11504K, capacity 11658K, committed 11904K, reserved 1060864K
  class space    used 1347K, capacity 1396K, committed 1408K, reserved 1048576K
}
Event: 3.538 GC heap before
{Heap before GC invocations=9 (full 4):
 PSYoungGen      total 284672K, used 288K [0x0000000715a00000, 0x0000000728500000, 0x00000007c0000000)
  eden space 263168K, 0% used [0x0000000715a00000,0x0000000715a00000,0x0000000725b00000)
  from space 21504K, 1% used [0x0000000725b00000,0x0000000725b48000,0x0000000727000000)
  to   space 21504K, 0% used [0x0000000727000000,0x0000000727000000,0x0000000728500000)
 ParOldGen       total 349696K, used 4029K [0x00000005c0e00000, 0x00000005d6380000, 0x0000000715a00000)
  object space 349696K, 1% used [0x00000005c0e00000,0x00000005c11ef4e8,0x00000005d6380000)
 Metaspace       used 11504K, capacity 11658K, committed 11904K, reserved 1060864K
  class space    used 1347K, capacity 1396K, committed 1408K, reserved 1048576K
Event: 3.550 GC heap after
Heap after GC invocations=9 (full 4):
 PSYoungGen      total 284672K, used 0K [0x0000000715a00000, 0x0000000728500000, 0x00000007c0000000)
  eden space 263168K, 0% used [0x0000000715a00000,0x0000000715a00000,0x0000000725b00000)
  from space 21504K, 0% used [0x0000000725b00000,0x0000000725b00000,0x0000000727000000)
  to   space 21504K, 0% used [0x0000000727000000,0x0000000727000000,0x0000000728500000)
 ParOldGen       total 349696K, used 4031K [0x00000005c0e00000, 0x00000005d6380000, 0x0000000715a00000)
  object space 349696K, 1% used [0x00000005c0e00000,0x00000005c11efdf8,0x00000005d6380000)
 Metaspace       used 11504K, capacity 11658K, committed 11904K, reserved 1060864K
  class space    used 1347K, capacity 1396K, committed 1408K, reserved 1048576K
}

Deoptimization events (10 events):
Event: 3.665 Thread 0x000000002d1b4800 Uncommon trap: reason=bimorphic action=maybe_recompile pc=0x0000000002c1933c method=java.util.HashMap.putVal(ILjava/lang/Object;Ljava/lang/Object;ZZ)Ljava/lang/Object; @ 203
Event: 3.666 Thread 0x000000002d1b4800 Uncommon trap: reason=class_check action=maybe_recompile pc=0x0000000002c140a8 method=java.io.DataOutputStream.writeByte(I)V @ 5
Event: 3.666 Thread 0x000000002d1b4800 Uncommon trap: reason=class_check action=maybe_recompile pc=0x0000000002c140a8 method=java.io.DataOutputStream.writeByte(I)V @ 5
Event: 3.666 Thread 0x000000002d1b4800 Uncommon trap: reason=class_check action=maybe_recompile pc=0x0000000002c140a8 method=java.io.DataOutputStream.writeByte(I)V @ 5
Event: 3.666 Thread 0x000000002d1b4800 Uncommon trap: reason=class_check action=maybe_recompile pc=0x0000000002c140a8 method=java.io.DataOutputStream.writeByte(I)V @ 5
Event: 3.743 Thread 0x0000000029188000 Uncommon trap: reason=unreached action=reinterpret pc=0x0000000002b76e60 method=java.util.concurrent.locks.AbstractQueuedSynchronizer.release(I)Z @ 14
Event: 3.744 Thread 0x0000000029188000 Uncommon trap: reason=unreached action=reinterpret pc=0x0000000002b739d0 method=java.util.concurrent.locks.AbstractQueuedSynchronizer.release(I)Z @ 14
Event: 3.744 Thread 0x000000002d1b4800 Uncommon trap: reason=class_check action=maybe_recompile pc=0x0000000002b727d0 method=sun.java2d.pipe.BufferedContext.validate(Lsun/java2d/pipe/hw/AccelSurface;Lsun/java2d/pipe/hw/AccelSurface;Lsun/java2d/pipe/Region;Ljava/awt/Composite;Ljava/awt/geom/AffiA¡>w'ý@
Event: 3.749 Thread 0x000000002d1b4800 Uncommon trap: reason=class_check action=maybe_recompile pc=0x0000000002b72950 method=sun.java2d.pipe.BufferedContext.validate(Lsun/java2d/pipe/hw/AccelSurface;Lsun/java2d/pipe/hw/AccelSurface;Lsun/java2d/pipe/Region;Ljava/awt/Composite;Ljava/awt/geom/Affi] ²Scý@
Event: 3.749 Thread 0x000000002d1b4800 Uncommon trap: reason=class_check action=maybe_recompile pc=0x0000000002b727d0 method=sun.java2d.pipe.BufferedContext.validate(Lsun/java2d/pipe/hw/AccelSurface;Lsun/java2d/pipe/hw/AccelSurface;Lsun/java2d/pipe/Region;Ljava/awt/Composite;Ljava/awt/geom/Affi+Ê€ÅR@

Internal exceptions (10 events):
Event: 3.748 Thread 0x0000000029188800 Exception <a 'java/security/PrivilegedActionException'> (0x00000007171364e0) thrown at [C:\workspace\8-2-build-windows-amd64-cygwin\jdk8u31\2394\hotspot\src\share\vm\prims\jvm.cpp, line 1312]
Event: 3.752 Thread 0x000000002ca6b000 Exception <a 'java/security/PrivilegedActionException'> (0x00000007174a3a80) thrown at [C:\workspace\8-2-build-windows-amd64-cygwin\jdk8u31\2394\hotspot\src\share\vm\prims\jvm.cpp, line 1312]
Event: 3.766 Thread 0x0000000028de4000 Exception <a 'java/security/PrivilegedActionException'> (0x0000000717b80af0) thrown at [C:\workspace\8-2-build-windows-amd64-cygwin\jdk8u31\2394\hotspot\src\share\vm\prims\jvm.cpp, line 1312]
Event: 3.767 Thread 0x0000000028de4000 Exception <a 'java/security/PrivilegedActionException'> (0x0000000717d37678) thrown at [C:\workspace\8-2-build-windows-amd64-cygwin\jdk8u31\2394\hotspot\src\share\vm\prims\jvm.cpp, line 1312]
Event: 3.772 Thread 0x000000002ca72000 Exception <a 'java/security/PrivilegedActionException'> (0x0000000717eeec28) thrown at [C:\workspace\8-2-build-windows-amd64-cygwin\jdk8u31\2394\hotspot\src\share\vm\prims\jvm.cpp, line 1312]
Event: 3.775 Thread 0x000000002ca72000 Exception <a 'java/security/PrivilegedActionException'> (0x000000071840ff90) thrown at [C:\workspace\8-2-build-windows-amd64-cygwin\jdk8u31\2394\hotspot\src\share\vm\prims\jvm.cpp, line 1312]
Event: 3.801 Thread 0x000000002ca72000 Exception <a 'java/security/PrivilegedActionException'> (0x0000000719dc48c0) thrown at [C:\workspace\8-2-build-windows-amd64-cygwin\jdk8u31\2394\hotspot\src\share\vm\prims\jvm.cpp, line 1312]
Event: 4.049 Thread 0x000000002ca72000 Exception <a 'java/security/PrivilegedActionException'> (0x0000000719f7b470) thrown at [C:\workspace\8-2-build-windows-amd64-cygwin\jdk8u31\2394\hotspot\src\share\vm\prims\jvm.cpp, line 1312]
Event: 4.051 Thread 0x000000002ca72000 Exception <a 'java/security/PrivilegedActionException'> (0x000000071a131f88) thrown at [C:\workspace\8-2-build-windows-amd64-cygwin\jdk8u31\2394\hotspot\src\share\vm\prims\jvm.cpp, line 1312]
Event: 8.686 Thread 0x000000002d1b4800 Exception <a 'java/security/PrivilegedActionException'> (0x000000071668b268) thrown at [C:\workspace\8-2-build-windows-amd64-cygwin\jdk8u31\2394\hotspot\src\share\vm\prims\jvm.cpp, line 1312]

Events (10 events):
Event: 8.148 Thread 0x000000002df30800 Thread added: 0x000000002df30800
Event: 8.150 Thread 0x000000002df30800 Thread exited: 0x000000002df30800
Event: 8.150 Thread 0x000000002df30800 Thread added: 0x000000002df30800
Event: 8.151 Thread 0x000000002df30800 Thread exited: 0x000000002df30800
Event: 8.424 Thread 0x000000002df30800 Thread added: 0x000000002df30800
Event: 8.425 Thread 0x000000002df30800 Thread exited: 0x000000002df30800
Event: 8.425 Thread 0x000000002df30800 Thread added: 0x000000002df30800
Event: 8.426 Thread 0x000000002df30800 Thread exited: 0x000000002df30800
Event: 8.686 loading class uk/co/caprica/vlcj/player/events/MediaPlayerStoppedEvent
Event: 8.686 loading class uk/co/caprica/vlcj/player/events/MediaPlayerStoppedEvent done


Dynamic libraries:
0x00007ff732520000 - 0x00007ff732554000 	C:\Program Files\Java\jdk1.8.0_31\bin\java.exe
0x00007ffb7fd30000 - 0x00007ffb7fed6000 	C:\Windows\SYSTEM32\ntdll.dll
0x00007ffb7f4d0000 - 0x00007ffb7f60a000 	C:\Windows\system32\KERNEL32.DLL
0x00007ffb7d210000 - 0x00007ffb7d31f000 	C:\Windows\system32\KERNELBASE.dll
0x00007ffb7bc10000 - 0x00007ffb7bc98000 	C:\Windows\system32\apphelp.dll
0x00007ffb709c0000 - 0x00007ffb70a0f000 	C:\Windows\AppPatch\AppPatch64\AcGenral.DLL
0x00007ffb7fa70000 - 0x00007ffb7fb17000 	C:\Windows\system32\msvcrt.dll
0x00007ffb7ce80000 - 0x00007ffb7ceab000 	C:\Windows\SYSTEM32\SspiCli.dll
0x00007ffb7d5b0000 - 0x00007ffb7d601000 	C:\Windows\system32\SHLWAPI.dll
0x00007ffb7f850000 - 0x00007ffb7f9c1000 	C:\Windows\system32\USER32.dll
0x00007ffb7fb20000 - 0x00007ffb7fc98000 	C:\Windows\system32\ole32.dll
0x00007ffb7dd50000 - 0x00007ffb7f15f000 	C:\Windows\system32\SHELL32.dll
0x00007ffb7c9a0000 - 0x00007ffb7c9be000 	C:\Windows\SYSTEM32\USERENV.dll
0x00007ffb7dad0000 - 0x00007ffb7db75000 	C:\Windows\system32\ADVAPI32.dll
0x00007ffb76400000 - 0x00007ffb7641b000 	C:\Windows\SYSTEM32\MPR.dll
0x00007ffb7f170000 - 0x00007ffb7f2a7000 	C:\Windows\system32\RPCRT4.dll
0x00007ffb7fcc0000 - 0x00007ffb7fd17000 	C:\Windows\SYSTEM32\sechost.dll
0x00007ffb7f670000 - 0x00007ffb7f846000 	C:\Windows\SYSTEM32\combase.dll
0x00007ffb7db90000 - 0x00007ffb7dcd4000 	C:\Windows\system32\GDI32.dll
0x00007ffb7d0a0000 - 0x00007ffb7d0b4000 	C:\Windows\SYSTEM32\profapi.dll
0x00007ffb7b860000 - 0x00007ffb7b8ff000 	C:\Windows\SYSTEM32\SHCORE.dll
0x00007ffb7f2b0000 - 0x00007ffb7f2e4000 	C:\Windows\system32\IMM32.DLL
0x00007ffb7d610000 - 0x00007ffb7d749000 	C:\Windows\system32\MSCTF.dll
0x00007ffb7afe0000 - 0x00007ffb7b23a000 	C:\Windows\WinSxS\amd64_microsoft.windows.common-controls_6595b64144ccf1df_6.0.9600.17031_none_6242a4b3ecbb55a1\COMCTL32.dll
0x000000006ce30000 - 0x000000006cf02000 	C:\Program Files\Java\jdk1.8.0_31\jre\bin\msvcr100.dll
0x000000006cf10000 - 0x000000006d76a000 	C:\Program Files\Java\jdk1.8.0_31\jre\bin\server\jvm.dll
0x00007ffb784f0000 - 0x00007ffb784f9000 	C:\Windows\SYSTEM32\WSOCK32.dll
0x00007ffb7bbf0000 - 0x00007ffb7bc0f000 	C:\Windows\SYSTEM32\WINMM.dll
0x00007ffb7fd20000 - 0x00007ffb7fd27000 	C:\Windows\system32\PSAPI.DLL
0x00007ffb7d750000 - 0x00007ffb7d7a8000 	C:\Windows\system32\WS2_32.dll
0x00007ffb7b3f0000 - 0x00007ffb7b41a000 	C:\Windows\SYSTEM32\WINMMBASE.dll
0x00007ffb7f160000 - 0x00007ffb7f169000 	C:\Windows\system32\NSI.dll
0x00007ffb7d170000 - 0x00007ffb7d1ba000 	C:\Windows\SYSTEM32\cfgmgr32.dll
0x00007ffb7bf10000 - 0x00007ffb7bf36000 	C:\Windows\SYSTEM32\DEVOBJ.dll
0x000000006cde0000 - 0x000000006cdef000 	C:\Program Files\Java\jdk1.8.0_31\jre\bin\verify.dll
0x000000006cdb0000 - 0x000000006cdd8000 	C:\Program Files\Java\jdk1.8.0_31\jre\bin\java.dll
0x000000006cd90000 - 0x000000006cda6000 	C:\Program Files\Java\jdk1.8.0_31\jre\bin\zip.dll
0x000000006cbb0000 - 0x000000006cd48000 	C:\Program Files\Java\jdk1.8.0_31\jre\bin\awt.dll
0x00007ffb7d7b0000 - 0x00007ffb7d871000 	C:\Windows\system32\OLEAUT32.dll
0x00007ffb7bd90000 - 0x00007ffb7beb1000 	C:\Windows\system32\uxtheme.dll
0x00007ffb7b480000 - 0x00007ffb7b4a0000 	C:\Windows\system32\dwmapi.dll
0x00007ffb7bd80000 - 0x00007ffb7bd8a000 	C:\Windows\SYSTEM32\kernel.appcore.dll
0x00007ffb7cf10000 - 0x00007ffb7cf1a000 	C:\Windows\SYSTEM32\CRYPTBASE.dll
0x00007ffb7ceb0000 - 0x00007ffb7cf10000 	C:\Windows\SYSTEM32\bcryptPrimitives.dll
0x00007ffb6ff30000 - 0x00007ffb70138000 	C:\Windows\system32\d3d9.dll
0x00007ffb7abd0000 - 0x00007ffb7abda000 	C:\Windows\SYSTEM32\VERSION.dll
0x00007ffb572f0000 - 0x00007ffb581e9000 	C:\Windows\SYSTEM32\nvd3dumx.dll
0x00007ffb782f0000 - 0x00007ffb784b3000 	C:\Windows\system32\nvspcap64.dll
0x00007ffb7f2f0000 - 0x00007ffb7f4c4000 	C:\Windows\system32\SETUPAPI.dll
0x00007ffb78220000 - 0x00007ffb782e5000 	C:\Windows\SYSTEM32\WINHTTP.dll
0x00007ffb788f0000 - 0x00007ffb78c83000 	C:\Windows\system32\nvapi64.dll
0x00007ffb79820000 - 0x00007ffb79900000 	C:\Program Files (x86)\NVIDIA Corporation\3D Vision\nvSCPAPI64.dll
0x00007ffb7d040000 - 0x00007ffb7d085000 	C:\Windows\system32\powrprof.dll
0x000000006cb60000 - 0x000000006cba7000 	C:\Program Files\Java\jdk1.8.0_31\jre\bin\fontmanager.dll
0x000000006cd70000 - 0x000000006cd8a000 	C:\Program Files\Java\jdk1.8.0_31\jre\bin\net.dll
0x00007ffb7c840000 - 0x00007ffb7c898000 	C:\Windows\system32\mswsock.dll
0x000000006cd50000 - 0x000000006cd61000 	C:\Program Files\Java\jdk1.8.0_31\jre\bin\nio.dll
0x000000006b4e0000 - 0x000000006b511000 	C:\Program Files\Java\jdk1.8.0_31\jre\bin\jpeg.dll
0x000000006cb10000 - 0x000000006cb51000 	C:\Program Files\Java\jdk1.8.0_31\jre\bin\t2k.dll
0x000000006cad0000 - 0x000000006cafa000 	C:\Program Files\Java\jdk1.8.0_31\jre\bin\dcpr.dll
0x00007ffb7ca50000 - 0x00007ffb7ca6e000 	C:\Windows\SYSTEM32\CRYPTSP.dll
0x00007ffb7c550000 - 0x00007ffb7c585000 	C:\Windows\system32\rsaenh.dll
0x00007ffb7cb40000 - 0x00007ffb7cb66000 	C:\Windows\SYSTEM32\bcrypt.dll
0x00007ffb7bcc0000 - 0x00007ffb7bce9000 	C:\Windows\SYSTEM32\IPHLPAPI.DLL
0x00007ffb7b930000 - 0x00007ffb7b93a000 	C:\Windows\SYSTEM32\WINNSI.DLL
0x00007ffb78070000 - 0x00007ffb78084000 	C:\Windows\SYSTEM32\dhcpcsvc6.DLL
0x00007ffb77f70000 - 0x00007ffb77f89000 	C:\Windows\SYSTEM32\dhcpcsvc.DLL
0x00007ffb70980000 - 0x00007ffb709b7000 	C:\Users\Robert\AppData\Local\Temp\jna-Robert\jna2120783141777606949.dll
0x000000006b4b0000 - 0x000000006b4de000 	E:\Documents\NetBeansProjects\Raspi-Media-Center\RaspiMediaCenter\VLC\libvlc.dll
0x000000006b200000 - 0x000000006b4ad000 	E:\Documents\NetBeansProjects\Raspi-Media-Center\RaspiMediaCenter\VLC\libvlccore.dll
0x000000006b150000 - 0x000000006b1f2000 	E:\Documents\NetBeansProjects\Raspi-Media-Center\RaspiMediaCenter\VLC\plugins\access\libdshow_plugin.dll
0x000000006b130000 - 0x000000006b144000 	E:\Documents\NetBeansProjects\Raspi-Media-Center\RaspiMediaCenter\VLC\plugins\audio_output\libdirectsound_plugin.dll
0x000000006b110000 - 0x000000006b123000 	E:\Documents\NetBeansProjects\Raspi-Media-Center\RaspiMediaCenter\VLC\plugins\audio_output\libwaveout_plugin.dll
0x000000006b0f0000 - 0x000000006b10f000 	E:\Documents\NetBeansProjects\Raspi-Media-Center\RaspiMediaCenter\VLC\plugins\video_output\libdirect3d_plugin.dll
0x000000006b0d0000 - 0x000000006b0ed000 	E:\Documents\NetBeansProjects\Raspi-Media-Center\RaspiMediaCenter\VLC\plugins\video_output\libdirectdraw_plugin.dll
0x00007ffb5e240000 - 0x00007ffb5e2c7000 	C:\Windows\SYSTEM32\DSOUND.DLL
0x00007ffb7d880000 - 0x00007ffb7d924000 	C:\Windows\SYSTEM32\clbcatq.dll
0x00007ffb79ab0000 - 0x00007ffb79b12000 	C:\Windows\System32\MMDevApi.dll
0x000000006b0c0000 - 0x000000006b0c7000 	C:\Program Files\Java\jdk1.8.0_31\jre\bin\jawt.dll
0x000000006ae40000 - 0x000000006b0b3000 	E:\Documents\NetBeansProjects\Raspi-Media-Center\RaspiMediaCenter\VLC\plugins\access\liblibbluray_plugin.dll
0x000000006ae10000 - 0x000000006ae36000 	E:\Documents\NetBeansProjects\Raspi-Media-Center\RaspiMediaCenter\VLC\plugins\access\libaccess_bd_plugin.dll
0x000000006adc0000 - 0x000000006ae0b000 	E:\Documents\NetBeansProjects\Raspi-Media-Center\RaspiMediaCenter\VLC\plugins\access\libdvdnav_plugin.dll
0x000000006ada0000 - 0x000000006adbf000 	E:\Documents\NetBeansProjects\Raspi-Media-Center\RaspiMediaCenter\VLC\plugins\access\libvdr_plugin.dll
0x000000006ad80000 - 0x000000006ad98000 	E:\Documents\NetBeansProjects\Raspi-Media-Center\RaspiMediaCenter\VLC\plugins\access\libfilesystem_plugin.dll
0x000000006ad60000 - 0x000000006ad7b000 	E:\Documents\NetBeansProjects\Raspi-Media-Center\RaspiMediaCenter\VLC\plugins\stream_filter\libsmooth_plugin.dll
0x000000006acb0000 - 0x000000006ad5f000 	E:\Documents\NetBeansProjects\Raspi-Media-Center\RaspiMediaCenter\VLC\plugins\stream_filter\libhttplive_plugin.dll
0x000000006abd0000 - 0x000000006aca4000 	E:\Documents\NetBeansProjects\Raspi-Media-Center\RaspiMediaCenter\VLC\plugins\stream_filter\libdash_plugin.dll
0x000000006aba0000 - 0x000000006abcb000 	E:\Documents\NetBeansProjects\Raspi-Media-Center\RaspiMediaCenter\VLC\plugins\access\libzip_plugin.dll
0x000000006ab80000 - 0x000000006ab96000 	E:\Documents\NetBeansProjects\Raspi-Media-Center\RaspiMediaCenter\VLC\plugins\access\librar_plugin.dll
0x000000006ab70000 - 0x000000006ab7f000 	E:\Documents\NetBeansProjects\Raspi-Media-Center\RaspiMediaCenter\VLC\plugins\stream_filter\librecord_plugin.dll
0x000000006ab40000 - 0x000000006ab64000 	E:\Documents\NetBeansProjects\Raspi-Media-Center\RaspiMediaCenter\VLC\plugins\demux\libavi_plugin.dll
0x000000006aae0000 - 0x000000006ab39000 	E:\Documents\NetBeansProjects\Raspi-Media-Center\RaspiMediaCenter\VLC\plugins\codec\libjpeg_plugin.dll
0x000000006aac0000 - 0x000000006aad1000 	E:\Documents\NetBeansProjects\Raspi-Media-Center\RaspiMediaCenter\VLC\plugins\codec\libcdg_plugin.dll
0x000000006aa60000 - 0x000000006aabc000 	E:\Documents\NetBeansProjects\Raspi-Media-Center\RaspiMediaCenter\VLC\plugins\codec\libpng_plugin.dll
0x000000006a8e0000 - 0x000000006aa5b000 	E:\Documents\NetBeansProjects\Raspi-Media-Center\RaspiMediaCenter\VLC\plugins\codec\libschroedinger_plugin.dll
0x000000006a800000 - 0x000000006a8d5000 	E:\Documents\NetBeansProjects\Raspi-Media-Center\RaspiMediaCenter\VLC\plugins\codec\libvorbis_plugin.dll
0x000000006a7a0000 - 0x000000006a7fa000 	E:\Documents\NetBeansProjects\Raspi-Media-Center\RaspiMediaCenter\VLC\plugins\codec\libtheora_plugin.dll
0x000000006a780000 - 0x000000006a791000 	E:\Documents\NetBeansProjects\Raspi-Media-Center\RaspiMediaCenter\VLC\plugins\codec\libdts_plugin.dll
0x000000006a760000 - 0x000000006a775000 	E:\Documents\NetBeansProjects\Raspi-Media-Center\RaspiMediaCenter\VLC\plugins\codec\libaraw_plugin.dll
0x000000006a740000 - 0x000000006a757000 	E:\Documents\NetBeansProjects\Raspi-Media-Center\RaspiMediaCenter\VLC\plugins\codec\libsubstx3g_plugin.dll
0x000000006a6c0000 - 0x000000006a734000 	E:\Documents\NetBeansProjects\Raspi-Media-Center\RaspiMediaCenter\VLC\plugins\codec\libflac_plugin.dll
0x000000006a6a0000 - 0x000000006a6b3000 	E:\Documents\NetBeansProjects\Raspi-Media-Center\RaspiMediaCenter\VLC\plugins\codec\libg711_plugin.dll
0x000000006a690000 - 0x000000006a6a0000 	E:\Documents\NetBeansProjects\Raspi-Media-Center\RaspiMediaCenter\VLC\plugins\codec\libaes3_plugin.dll
0x000000006a650000 - 0x000000006a689000 	E:\Documents\NetBeansProjects\Raspi-Media-Center\RaspiMediaCenter\VLC\plugins\codec\libspeex_plugin.dll
0x000000006a360000 - 0x000000006a649000 	E:\Documents\NetBeansProjects\Raspi-Media-Center\RaspiMediaCenter\VLC\plugins\codec\liblibass_plugin.dll
0x000000006a2f0000 - 0x000000006a35f000 	E:\Documents\NetBeansProjects\Raspi-Media-Center\RaspiMediaCenter\VLC\plugins\codec\libfaad_plugin.dll
0x000000006a2d0000 - 0x000000006a2e1000 	E:\Documents\NetBeansProjects\Raspi-Media-Center\RaspiMediaCenter\VLC\plugins\codec\liba52_plugin.dll
0x000000006a2c0000 - 0x000000006a2d0000 	E:\Documents\NetBeansProjects\Raspi-Media-Center\RaspiMediaCenter\VLC\plugins\codec\libmpeg_audio_plugin.dll
0x000000006a2a0000 - 0x000000006a2b1000 	E:\Documents\NetBeansProjects\Raspi-Media-Center\RaspiMediaCenter\VLC\plugins\codec\liblpcm_plugin.dll
0x000000006a220000 - 0x000000006a297000 	E:\Documents\NetBeansProjects\Raspi-Media-Center\RaspiMediaCenter\VLC\plugins\codec\libopus_plugin.dll
0x000000006a1f0000 - 0x000000006a219000 	E:\Documents\NetBeansProjects\Raspi-Media-Center\RaspiMediaCenter\VLC\plugins\codec\libdvbsub_plugin.dll
0x000000006a1d0000 - 0x000000006a1e1000 	E:\Documents\NetBeansProjects\Raspi-Media-Center\RaspiMediaCenter\VLC\plugins\codec\libspudec_plugin.dll
0x0000000068bf0000 - 0x000000006a1c9000 	E:\Documents\NetBeansProjects\Raspi-Media-Center\RaspiMediaCenter\VLC\plugins\codec\libavcodec_plugin.dll
0x0000000068a50000 - 0x0000000068be1000 	E:\Documents\NetBeansProjects\Raspi-Media-Center\RaspiMediaCenter\VLC\plugins\meta_engine\libtaglib_plugin.dll
0x00000000689f0000 - 0x0000000068a4c000 	E:\Documents\NetBeansProjects\Raspi-Media-Center\RaspiMediaCenter\VLC\plugins\lua\liblua_plugin.dll
0x0000000068900000 - 0x00000000689e8000 	E:\Documents\NetBeansProjects\Raspi-Media-Center\RaspiMediaCenter\VLC\plugins\text_renderer\libfreetype_plugin.dll
0x00007ffb672a0000 - 0x00007ffb6731e000 	C:\Windows\SYSTEM32\AUDIOSES.DLL
0x00000000688e0000 - 0x00000000688f5000 	E:\Documents\NetBeansProjects\Raspi-Media-Center\RaspiMediaCenter\VLC\plugins\video_chroma\libi420_yuy2_sse2_plugin.dll
0x00000000688c0000 - 0x00000000688d2000 	E:\Documents\NetBeansProjects\Raspi-Media-Center\RaspiMediaCenter\VLC\plugins\video_chroma\libi420_yuy2_mmx_plugin.dll
0x00000000687e0000 - 0x00000000688bb000 	E:\Documents\NetBeansProjects\Raspi-Media-Center\RaspiMediaCenter\VLC\plugins\video_chroma\libswscale_plugin.dll
0x00000000687c0000 - 0x00000000687d3000 	E:\Documents\NetBeansProjects\Raspi-Media-Center\RaspiMediaCenter\VLC\plugins\video_chroma\libi422_yuy2_sse2_plugin.dll
0x0000000068790000 - 0x00000000687b9000 	E:\Documents\NetBeansProjects\Raspi-Media-Center\RaspiMediaCenter\VLC\plugins\video_chroma\libi420_rgb_sse2_plugin.dll
0x0000000068770000 - 0x0000000068789000 	E:\Documents\NetBeansProjects\Raspi-Media-Center\RaspiMediaCenter\VLC\plugins\video_chroma\libi420_rgb_mmx_plugin.dll
0x0000000068750000 - 0x0000000068761000 	E:\Documents\NetBeansProjects\Raspi-Media-Center\RaspiMediaCenter\VLC\plugins\video_chroma\libi422_yuy2_mmx_plugin.dll
0x0000000068730000 - 0x0000000068744000 	E:\Documents\NetBeansProjects\Raspi-Media-Center\RaspiMediaCenter\VLC\plugins\video_chroma\libyuy2_i422_plugin.dll
0x0000000068710000 - 0x0000000068721000 	E:\Documents\NetBeansProjects\Raspi-Media-Center\RaspiMediaCenter\VLC\plugins\video_chroma\libgrey_yuv_plugin.dll
0x00000000686f0000 - 0x0000000068708000 	E:\Documents\NetBeansProjects\Raspi-Media-Center\RaspiMediaCenter\VLC\plugins\video_chroma\libyuy2_i420_plugin.dll
0x00000000686d0000 - 0x00000000686e3000 	E:\Documents\NetBeansProjects\Raspi-Media-Center\RaspiMediaCenter\VLC\plugins\video_chroma\libi422_yuy2_plugin.dll

VM Arguments:
jvm_args: -Dfile.encoding=UTF-8 
java_command: raspimediacenter.RaspiMediaCenter
java_class_path (initial): E:\Downloads\gson-2.3.jar;E:\Downloads\JARS\jna-3.5.2.jar;E:\Downloads\JARS\platform-3.5.2.jar;E:\Downloads\JARS\slf4j-api-1.7.21.jar;E:\Downloads\JARS\vlcj-3.8.0.jar;E:\Documents\NetBeansProjects\Raspi-Media-Center\RaspiMediaCenter\build\classes
Launcher Type: SUN_STANDARD

Environment Variables:
JAVA_HOME=C:\Program Files\Java\jdk1.8.0_31
PATH=C:\ProgramData\Oracle\Java\javapath;C:\Program Files (x86)\Intel\iCLS Client\;C:\Program Files\Intel\iCLS Client\;C:\Windows\system32;C:\Windows;C:\Windows\System32\Wbem;C:\Windows\System32\WindowsPowerShell\v1.0\;C:\Program Files\Intel\Intel(R) Management Engine Components\DAL;C:\Program Files (x86)\Intel\Intel(R) Management Engine Components\DAL;C:\Program Files\Intel\Intel(R) Management Engine Components\IPT;C:\Program Files (x86)\Intel\Intel(R) Management Engine Components\IPT;C:\Program Files\Microsoft SQL Server\110\Tools\Binn\;C:\Program Files (x86)\Windows Kits\8.1\Windows Performance Toolkit\;C:\Program Files (x86)\Microsoft SDKs\TypeScript\1.0\;C:\Program Files (x86)\Skype\Phone\;C:\Program Files (x86)\NVIDIA Corporation\PhysX\Common;D:\Program Files (x86)\QuickTime\QTSystem\;D:\Program Files (x86)\Brackets\command
USERNAME=Robert
OS=Windows_NT
PROCESSOR_IDENTIFIER=Intel64 Family 6 Model 60 Stepping 3, GenuineIntel



---------------  S Y S T E M  ---------------

OS: Windows 8.1 , 64 bit Build 9600 

CPU:total 8 (4 cores per cpu, 2 threads per core) family 6 model 60 stepping 3, cmov, cx8, fxsr, mmx, sse, sse2, sse3, ssse3, sse4.1, sse4.2, popcnt, avx, avx2, aes, clmul, erms, rtm, lzcnt, ht, tsc, tscinvbit, bmi1, bmi2

Memory: 4k page, physical 33494268k(28114324k free), swap 38475004k(31671764k free)

vm_info: Java HotSpot(TM) 64-Bit Server VM (25.31-b07) for windows-amd64 JRE (1.8.0_31-b13), built on Dec 17 2014 21:00:28 by "java_re" with MS VC++ 10.0 (VS2010)

time: Tue May 24 23:24:36 2016
elapsed time: 8 seconds (0d 0h 0m 8s)

